#
# A fatal error has been detected by the Java Runtime Environment:
#
#  EXCEPTION_ACCESS_VIOLATION (0xc0000005) at pc=0x00007ffc6c1bc160, pid=1896, tid=6540
#
# JRE version: Java(TM) SE Runtime Environment (16.0.2+7) (build 16.0.2+7-67)
# Java VM: Java HotSpot(TM) 64-Bit Server VM (16.0.2+7-67, mixed mode, sharing, tiered, compressed oops, compressed class ptrs, g1 gc, windows-amd64)
# Problematic frame:
# V  [jvm.dll+0xc160]
#
# No core dump will be written. Minidumps are not enabled by default on client versions of Windows
#
# If you would like to submit a bug report, please visit:
#   https://bugreport.java.com/bugreport/crash.jsp
#

---------------  S U M M A R Y ------------

Command Line: -XX:+ShowCodeDetailsInExceptionMessages -agentlib:jdwp=transport=dt_socket,suspend=y,address=localhost:51534 -ea -javaagent:C:\Users\diletta\Desktop\eclipse-jee-2021-09-R-win32-x86_64\eclipse\configuration\org.eclipse.osgi\415\0\.cp\lib\javaagent-shaded.jar -Dfile.encoding=Cp1252 org.eclipse.jdt.internal.junit.runner.RemoteTestRunner -version 3 -port 51533 -testLoaderClass org.eclipse.jdt.internal.junit4.runner.JUnit4TestLoader -loaderpluginname org.eclipse.jdt.junit4.runtime -classNames managersTest.LoginManagerTest

Host: Intel(R) Core(TM) i5-4258U CPU @ 2.40GHz, 4 cores, 3G,  Windows 10 , 64 bit Build 19041 (10.0.19041.1466)
Time: Sat Feb  5 13:22:22 2022 ora solare Europa occidentale elapsed time: 142.692015 seconds (0d 0h 2m 22s)

---------------  T H R E A D  ---------------

Current thread (0x000002df9fc73a00):  JavaThread "main" [_thread_in_vm, id=6540, stack(0x000000fb53a00000,0x000000fb53b00000)]

Stack: [0x000000fb53a00000,0x000000fb53b00000],  sp=0x000000fb53afc7f8,  free space=1009k
Native frames: (J=compiled Java code, j=interpreted, Vv=VM code, C=native code)
V  [jvm.dll+0xc160]

Java frames: (J=compiled Java code, j=interpreted, Vv=VM code)
J 1854  jdk.internal.misc.Unsafe.allocateInstance(Ljava/lang/Class;)Ljava/lang/Object; java.base@16.0.2 (0 bytes) @ 0x000002dfaef7391f [0x000002dfaef738c0+0x000000000000005f]
j  sun.misc.Unsafe.allocateInstance(Ljava/lang/Class;)Ljava/lang/Object;+4 jdk.unsupported@16.0.2
v  ~StubRoutines::call_stub
J 3901  jdk.internal.reflect.NativeMethodAccessorImpl.invoke0(Ljava/lang/reflect/Method;Ljava/lang/Object;[Ljava/lang/Object;)Ljava/lang/Object; java.base@16.0.2 (0 bytes) @ 0x000002dfaf1a314f [0x000002dfaf1a30c0+0x000000000000008f]
J 3900 c1 jdk.internal.reflect.NativeMethodAccessorImpl.invoke(Ljava/lang/Object;[Ljava/lang/Object;)Ljava/lang/Object; java.base@16.0.2 (150 bytes) @ 0x000002dfa8187264 [0x000002dfa8186640+0x0000000000000c24]
J 2906 c1 jdk.internal.reflect.DelegatingMethodAccessorImpl.invoke(Ljava/lang/Object;[Ljava/lang/Object;)Ljava/lang/Object; java.base@16.0.2 (10 bytes) @ 0x000002dfa7f3f6e4 [0x000002dfa7f3f5c0+0x0000000000000124]
J 2905 c1 java.lang.reflect.Method.invoke(Ljava/lang/Object;[Ljava/lang/Object;)Ljava/lang/Object; java.base@16.0.2 (65 bytes) @ 0x000002dfa7f3dee4 [0x000002dfa7f3db80+0x0000000000000364]
j  org.apache.openejb.util.proxy.LocalBeanProxyFactory$Unsafe.allocateInstance(Ljava/lang/Class;)Ljava/lang/Object;+14
j  org.apache.openejb.util.proxy.LocalBeanProxyFactory.constructProxy(Ljava/lang/Class;Ljava/lang/reflect/InvocationHandler;)Ljava/lang/Object;+1
j  org.apache.openejb.core.ivm.EjbHomeProxyHandler.createProxy(Ljava/lang/Object;Ljava/lang/Class;)Ljava/lang/Object;+88
j  org.apache.openejb.core.ivm.EjbHomeProxyHandler.create(Ljava/lang/Class;Ljava/lang/reflect/Method;[Ljava/lang/Object;Ljava/lang/Object;)Ljava/lang/Object;+165
j  org.apache.openejb.core.ivm.EjbHomeProxyHandler._invoke(Ljava/lang/Object;Ljava/lang/Class;Ljava/lang/reflect/Method;[Ljava/lang/Object;)Ljava/lang/Object;+138
j  org.apache.openejb.core.ivm.BaseEjbProxyHandler.invoke(Ljava/lang/Object;Ljava/lang/reflect/Method;[Ljava/lang/Object;)Ljava/lang/Object;+579
j  jdk.proxy2.$Proxy46.create()Ljava/lang/Object;+9 jdk.proxy2
j  org.apache.openejb.core.ivm.naming.BusinessLocalBeanReference.getObject()Ljava/lang/Object;+4
j  org.apache.openejb.core.ivm.naming.IvmContext.lookup(Ljava/lang/String;)Ljava/lang/Object;+364
j  org.apache.xbean.naming.context.ContextFlyweight.lookup(Ljava/lang/String;)Ljava/lang/Object;+9
v  ~StubRoutines::call_stub
j  managersTest.LoginManagerTest.test()V+0
v  ~StubRoutines::call_stub
J 3901  jdk.internal.reflect.NativeMethodAccessorImpl.invoke0(Ljava/lang/reflect/Method;Ljava/lang/Object;[Ljava/lang/Object;)Ljava/lang/Object; java.base@16.0.2 (0 bytes) @ 0x000002dfaf1a314f [0x000002dfaf1a30c0+0x000000000000008f]
J 3900 c1 jdk.internal.reflect.NativeMethodAccessorImpl.invoke(Ljava/lang/Object;[Ljava/lang/Object;)Ljava/lang/Object; java.base@16.0.2 (150 bytes) @ 0x000002dfa8187264 [0x000002dfa8186640+0x0000000000000c24]
J 2906 c1 jdk.internal.reflect.DelegatingMethodAccessorImpl.invoke(Ljava/lang/Object;[Ljava/lang/Object;)Ljava/lang/Object; java.base@16.0.2 (10 bytes) @ 0x000002dfa7f3f6e4 [0x000002dfa7f3f5c0+0x0000000000000124]
J 2905 c1 java.lang.reflect.Method.invoke(Ljava/lang/Object;[Ljava/lang/Object;)Ljava/lang/Object; java.base@16.0.2 (65 bytes) @ 0x000002dfa7f3dee4 [0x000002dfa7f3db80+0x0000000000000364]
j  org.junit.runners.model.FrameworkMethod$1.runReflectiveCall()Ljava/lang/Object;+15
j  org.junit.internal.runners.model.ReflectiveCallable.run()Ljava/lang/Object;+1
j  org.junit.runners.model.FrameworkMethod.invokeExplosively(Ljava/lang/Object;[Ljava/lang/Object;)Ljava/lang/Object;+10
j  org.junit.internal.runners.statements.InvokeMethod.evaluate()V+12
j  org.junit.internal.runners.statements.RunBefores.evaluate()V+41
j  org.junit.internal.runners.statements.RunAfters.evaluate()V+12
j  org.junit.runners.ParentRunner$3.evaluate()V+4
j  org.junit.runners.BlockJUnit4ClassRunner$1.evaluate()V+11
j  org.junit.runners.ParentRunner.runLeaf(Lorg/junit/runners/model/Statement;Lorg/junit/runner/Description;Lorg/junit/runner/notification/RunNotifier;)V+17
j  org.junit.runners.BlockJUnit4ClassRunner.runChild(Lorg/junit/runners/model/FrameworkMethod;Lorg/junit/runner/notification/RunNotifier;)V+38
j  org.junit.runners.BlockJUnit4ClassRunner.runChild(Ljava/lang/Object;Lorg/junit/runner/notification/RunNotifier;)V+6
j  org.junit.runners.ParentRunner$4.run()V+12
j  org.junit.runners.ParentRunner$1.schedule(Ljava/lang/Runnable;)V+1
j  org.junit.runners.ParentRunner.runChildren(Lorg/junit/runner/notification/RunNotifier;)V+44
j  org.junit.runners.ParentRunner.access$100(Lorg/junit/runners/ParentRunner;Lorg/junit/runner/notification/RunNotifier;)V+2
j  org.junit.runners.ParentRunner$2.evaluate()V+8
j  org.junit.runners.ParentRunner$3.evaluate()V+4
j  org.junit.runners.ParentRunner.run(Lorg/junit/runner/notification/RunNotifier;)V+24
j  org.eclipse.jdt.internal.junit4.runner.JUnit4TestReference.run(Lorg/eclipse/jdt/internal/junit/runner/TestExecution;)V+72
j  org.eclipse.jdt.internal.junit.runner.TestExecution.run([Lorg/eclipse/jdt/internal/junit/runner/ITestReference;)V+27
j  org.eclipse.jdt.internal.junit.runner.RemoteTestRunner.runTests([Ljava/lang/String;Ljava/lang/String;Lorg/eclipse/jdt/internal/junit/runner/TestExecution;)V+62
j  org.eclipse.jdt.internal.junit.runner.RemoteTestRunner.runTests(Lorg/eclipse/jdt/internal/junit/runner/TestExecution;)V+10
j  org.eclipse.jdt.internal.junit.runner.RemoteTestRunner.run()V+70
j  org.eclipse.jdt.internal.junit.runner.RemoteTestRunner.main([Ljava/lang/String;)V+14
v  ~StubRoutines::call_stub

siginfo: EXCEPTION_ACCESS_VIOLATION (0xc0000005), reading address 0x0000000000000000


Register to memory mapping:

RIP=0x00007ffc6c1bc160 jvm.dll
RAX=0x0 is NULL
RBX=0x000002df9fc73a00 is a thread
RCX=0x0 is NULL
RDX=0x000000fb53afc870 is pointing into the stack for thread: 0x000002df9fc73a00
RSP=0x000000fb53afc7f8 is pointing into the stack for thread: 0x000002df9fc73a00
RBP=0x000000fb53afc8b0 is pointing into the stack for thread: 0x000002df9fc73a00
RSI=0x0 is NULL
RDI=0x0 is NULL
R8 =0x0 is NULL
R9 =0x0000000000000008 is an unknown value
R10=0x00007ffc6c9500a0 jvm.dll
R11=0x000002dfaef738e8 is at entry_point+40 in (nmethod*)0x000002dfaef73710
R12=0x0 is NULL
R13=0x000000fb53afc8d0 is pointing into the stack for thread: 0x000002df9fc73a00
R14=0x000000fb53afc940 is pointing into the stack for thread: 0x000002df9fc73a00
R15=0x000002df9fc73a00 is a thread


Registers:
RAX=0x0000000000000000, RBX=0x000002df9fc73a00, RCX=0x0000000000000000, RDX=0x000000fb53afc870
RSP=0x000000fb53afc7f8, RBP=0x000000fb53afc8b0, RSI=0x0000000000000000, RDI=0x0000000000000000
R8 =0x0000000000000000, R9 =0x0000000000000008, R10=0x00007ffc6c9500a0, R11=0x000002dfaef738e8
R12=0x0000000000000000, R13=0x000000fb53afc8d0, R14=0x000000fb53afc940, R15=0x000002df9fc73a00
RIP=0x00007ffc6c1bc160, EFLAGS=0x0000000000010246

Top of Stack: (sp=0x000000fb53afc7f8)
0x000000fb53afc7f8:   00007ffc6c950142 0000000000000000
0x000000fb53afc808:   000002df9fc73a00 000002df9fc73a00
0x000000fb53afc818:   00000000c1b75438 000000fb53afce00
0x000000fb53afc828:   00007ffc6c7c90c9 3ff0000000000000
0x000000fb53afc838:   000000fb53afce00 00000008003e12f8
0x000000fb53afc848:   000002dfaef739bb 000002dfc44cc8a8
0x000000fb53afc858:   0000000000000002 000000fb53afc940
0x000000fb53afc868:   00007ffc6c3eadcf 00000000c1bf7760
0x000000fb53afc878:   0000000000000000 000000fb53afc940
0x000000fb53afc888:   000000fb53afce00 000000fb53afc928
0x000000fb53afc898:   000002dfa740684c 000000fb53afc928
0x000000fb53afc8a8:   00000000000000b6 000000fb53afc928
0x000000fb53afc8b8:   000002dfa73ea440 00000000000000b9
0x000000fb53afc8c8:   000002dfa73ea440 0000000000000000
0x000000fb53afc8d8:   00000000c1bf7760 000000fb53afc8e0
0x000000fb53afc8e8:   000002dfc44cc874 000000fb53afc940 

Instructions: (pc=0x00007ffc6c1bc160)
0x00007ffc6c1bc060:   bc cf a5 00 48 83 c4 20 5b 48 ff e0 48 8d 05 ed
0x00007ffc6c1bc070:   00 00 00 48 8b cb 48 89 05 a3 cf a5 00 48 83 c4
0x00007ffc6c1bc080:   20 5b 48 ff e0 48 8d 05 d4 00 00 00 48 8b cb 48
0x00007ffc6c1bc090:   89 05 8a cf a5 00 48 83 c4 20 5b 48 ff e0 48 8b
0x00007ffc6c1bc0a0:   0d 1b b0 ab 00 8b 51 10 83 ea 01 0f 84 8b 00 00
0x00007ffc6c1bc0b0:   00 83 ea 01 74 6d 83 ea 01 74 4f 83 fa 01 74 31
0x00007ffc6c1bc0c0:   4c 8d 05 81 ba 81 00 ba e8 00 00 00 48 8d 0d ad
0x00007ffc6c1bc0d0:   ba 81 00 e8 58 68 23 00 e8 63 bc 65 00 33 c0 48
0x00007ffc6c1bc0e0:   8b cb 48 89 05 37 cf a5 00 48 83 c4 20 5b 48 ff
0x00007ffc6c1bc0f0:   e0 48 8d 05 78 00 00 00 48 8b cb 48 89 05 1e cf
0x00007ffc6c1bc100:   a5 00 48 83 c4 20 5b 48 ff e0 48 8d 05 4f 00 00
0x00007ffc6c1bc110:   00 48 8b cb 48 89 05 05 cf a5 00 48 83 c4 20 5b
0x00007ffc6c1bc120:   48 ff e0 48 8d 05 36 00 00 00 48 8b cb 48 89 05
0x00007ffc6c1bc130:   ec ce a5 00 48 83 c4 20 5b 48 ff e0 48 8d 05 1d
0x00007ffc6c1bc140:   00 00 00 48 8b cb 48 89 05 d3 ce a5 00 48 83 c4
0x00007ffc6c1bc150:   20 5b 48 ff e0 cc cc cc cc cc cc cc cc cc cc cc
0x00007ffc6c1bc160:   48 8b 01 c3 cc cc cc cc cc cc cc cc cc cc cc cc
0x00007ffc6c1bc170:   48 89 5c 24 08 57 48 83 ec 20 48 8b 39 48 8b d9
0x00007ffc6c1bc180:   48 85 3d a1 7c b0 00 75 0e 48 8b c7 48 8b 5c 24
0x00007ffc6c1bc190:   30 48 83 c4 20 5f c3 48 8b cf e8 41 f1 7e 00 48
0x00007ffc6c1bc1a0:   8b d0 48 85 c0 74 20 48 8b c7 f0 48 0f b1 13 74
0x00007ffc6c1bc1b0:   16 48 85 05 70 7c b0 00 74 0d 48 8b c8 f0 48 0f
0x00007ffc6c1bc1c0:   b1 13 48 3b c1 75 ea 48 8b 5c 24 30 48 8b c2 48
0x00007ffc6c1bc1d0:   83 c4 20 5f c3 cc cc cc cc cc cc cc cc cc cc cc
0x00007ffc6c1bc1e0:   8b 44 24 30 45 03 c9 44 2b 4c 24 28 83 c0 0b 44
0x00007ffc6c1bc1f0:   03 ca 45 03 c8 41 03 c1 c3 cc cc cc cc cc cc cc
0x00007ffc6c1bc200:   48 8b 41 08 0f b7 48 32 0f b7 40 30 83 c0 48 03
0x00007ffc6c1bc210:   c1 c3 cc cc cc cc cc cc cc cc cc cc cc cc cc cc
0x00007ffc6c1bc220:   48 89 5c 24 08 57 48 83 ec 20 0f b6 05 ff 83 b0
0x00007ffc6c1bc230:   00 48 8b fa 48 8b d9 84 c0 74 4f 48 85 15 e6 7b
0x00007ffc6c1bc240:   b0 00 74 38 48 8b ca e8 f4 f6 7e 00 48 8b d0 48
0x00007ffc6c1bc250:   85 db 74 25 48 85 c0 74 20 48 8b c7 f0 48 0f b1 


Stack slot to memory mapping:
stack at sp + 0 slots: 0x00007ffc6c950142 jvm.dll
stack at sp + 1 slots: 0x0 is NULL
stack at sp + 2 slots: 0x000002df9fc73a00 is a thread
stack at sp + 3 slots: 0x000002df9fc73a00 is a thread
stack at sp + 4 slots: 0x00000000c1b75438 is an oop: jdk.internal.reflect.ReflectionFactory 
{0x00000000c1b75438} - klass: 'jdk/internal/reflect/ReflectionFactory'
stack at sp + 5 slots: 0x000000fb53afce00 is pointing into the stack for thread: 0x000002df9fc73a00
stack at sp + 6 slots: 0x00007ffc6c7c90c9 jvm.dll
stack at sp + 7 slots: 0x3ff0000000000000 is an unknown value


---------------  P R O C E S S  ---------------

Threads class SMR info:
_java_thread_list=0x000002dfbd565a90, length=20, elements={
0x000002df9fc73a00, 0x000002df9fd31150, 0x000002df9fd31c60, 0x000002dfbad96700,
0x000002dfbad99020, 0x000002dfbad99930, 0x000002dfbad9c250, 0x000002dfbad9ce90,
0x000002dfbadbd190, 0x000002dfbaded690, 0x000002dfbb98cc50, 0x000002dfbb9bccb0,
0x000002dfbb9bdba0, 0x000002dfbb9be0e0, 0x000002dfbbbdf070, 0x000002dfbc9370a0,
0x000002dfbc46ca10, 0x000002dfbdfd4240, 0x000002dfbe8c38f0, 0x000002dfbe8c2900
}

Java Threads: ( => current thread )
=>0x000002df9fc73a00 JavaThread "main" [_thread_in_vm, id=6540, stack(0x000000fb53a00000,0x000000fb53b00000)]
  0x000002df9fd31150 JavaThread "Reference Handler" daemon [_thread_blocked, id=4868, stack(0x000000fb54100000,0x000000fb54200000)]
  0x000002df9fd31c60 JavaThread "Finalizer" daemon [_thread_blocked, id=7600, stack(0x000000fb54200000,0x000000fb54300000)]
  0x000002dfbad96700 JavaThread "Signal Dispatcher" daemon [_thread_blocked, id=332, stack(0x000000fb54300000,0x000000fb54400000)]
  0x000002dfbad99020 JavaThread "Attach Listener" daemon [_thread_blocked, id=3576, stack(0x000000fb54400000,0x000000fb54500000)]
  0x000002dfbad99930 JavaThread "Service Thread" daemon [_thread_blocked, id=10108, stack(0x000000fb54500000,0x000000fb54600000)]
  0x000002dfbad9c250 JavaThread "Monitor Deflation Thread" daemon [_thread_blocked, id=3772, stack(0x000000fb54600000,0x000000fb54700000)]
  0x000002dfbad9ce90 JavaThread "C2 CompilerThread0" daemon [_thread_blocked, id=10964, stack(0x000000fb54700000,0x000000fb54800000)]
  0x000002dfbadbd190 JavaThread "C1 CompilerThread0" daemon [_thread_blocked, id=1400, stack(0x000000fb54800000,0x000000fb54900000)]
  0x000002dfbaded690 JavaThread "Sweeper thread" daemon [_thread_blocked, id=904, stack(0x000000fb54900000,0x000000fb54a00000)]
  0x000002dfbb98cc50 JavaThread "Common-Cleaner" daemon [_thread_blocked, id=7000, stack(0x000000fb54a00000,0x000000fb54b00000)]
  0x000002dfbb9bccb0 JavaThread "JDWP Transport Listener: dt_socket" daemon [_thread_blocked, id=1220, stack(0x000000fb54b00000,0x000000fb54c00000)]
  0x000002dfbb9bdba0 JavaThread "JDWP Event Helper Thread" daemon [_thread_blocked, id=5508, stack(0x000000fb54c00000,0x000000fb54d00000)]
  0x000002dfbb9be0e0 JavaThread "JDWP Command Reader" daemon [_thread_in_native, id=916, stack(0x000000fb54d00000,0x000000fb54e00000)]
  0x000002dfbbbdf070 JavaThread "Notification Thread" daemon [_thread_blocked, id=2584, stack(0x000000fb55200000,0x000000fb55300000)]
  0x000002dfbc9370a0 JavaThread "ReaderThread" [_thread_in_native, id=1440, stack(0x000000fb55500000,0x000000fb55600000)]
  0x000002dfbc46ca10 JavaThread "LogStreamAsync.Thread" daemon [_thread_blocked, id=9244, stack(0x000000fb55600000,0x000000fb55700000)]
  0x000002dfbdfd4240 JavaThread "RetryTimer" daemon [_thread_blocked, id=1420, stack(0x000000fb55700000,0x000000fb55800000)]
  0x000002dfbe8c38f0 JavaThread "mysql-cj-abandoned-connection-cleanup" daemon [_thread_blocked, id=4100, stack(0x000000fb55800000,0x000000fb55900000)]
  0x000002dfbe8c2900 JavaThread "Default Stateless Container - 1" daemon [_thread_blocked, id=7920, stack(0x000000fb55900000,0x000000fb55a00000)]

Other Threads:
  0x000002df9fd2d750 VMThread "VM Thread" [stack: 0x000000fb54000000,0x000000fb54100000] [id=2964]
  0x000002dfbbfffb30 WatcherThread [stack: 0x000000fb55300000,0x000000fb55400000] [id=2212]
  0x000002df9fca4290 GCTaskThread "GC Thread#0" [stack: 0x000000fb53b00000,0x000000fb53c00000] [id=8104]
  0x000002dfbba38020 GCTaskThread "GC Thread#1" [stack: 0x000000fb54f00000,0x000000fb55000000] [id=6888]
  0x000002dfbbfe8df0 GCTaskThread "GC Thread#2" [stack: 0x000000fb55000000,0x000000fb55100000] [id=9020]
  0x000002dfbba38330 GCTaskThread "GC Thread#3" [stack: 0x000000fb55100000,0x000000fb55200000] [id=9996]
  0x000002df9fcad6c0 ConcurrentGCThread "G1 Main Marker" [stack: 0x000000fb53c00000,0x000000fb53d00000] [id=7316]
  0x000002df9fcaf050 ConcurrentGCThread "G1 Conc#0" [stack: 0x000000fb53d00000,0x000000fb53e00000] [id=2600]
  0x000002df9fcfde10 ConcurrentGCThread "G1 Refine#0" [stack: 0x000000fb53e00000,0x000000fb53f00000] [id=608]
  0x000002df9fcff650 ConcurrentGCThread "G1 Service" [stack: 0x000000fb53f00000,0x000000fb54000000] [id=1368]

Threads with active compile tasks:

VM state: not at safepoint (normal execution)

VM Mutex/Monitor currently owned by a thread: None

Heap address: 0x00000000c1600000, size: 1002 MB, Compressed Oops mode: 32-bit

CDS archive(s) mapped at: [0x0000000800000000-0x0000000800bb0000-0x0000000800bb0000), size 12255232, SharedBaseAddress: 0x0000000800000000, ArchiveRelocationMode: 0.
Compressed class space mapped at: 0x0000000800c00000-0x0000000840c00000, reserved size: 1073741824
Narrow klass base: 0x0000000800000000, Narrow klass shift: 3, Narrow klass range: 0x100000000

GC Precious Log:
 CPUs: 4 total, 4 available
 Memory: 4004M
 Large Page Support: Disabled
 NUMA Support: Disabled
 Compressed Oops: Enabled (32-bit)
 Heap Region Size: 1M
 Heap Min Capacity: 8M
 Heap Initial Capacity: 64M
 Heap Max Capacity: 1002M
 Pre-touch: Disabled
 Parallel Workers: 4
 Concurrent Workers: 1
 Concurrent Refinement Workers: 4
 Periodic GC: Disabled

Heap:
 garbage-first heap   total 65536K, used 36558K [0x00000000c1600000, 0x0000000100000000)
  region size 1024K, 17 young (17408K), 3 survivors (3072K)
 Metaspace       used 41659K, committed 41984K, reserved 1089536K
  class space    used 4728K, committed 4928K, reserved 1048576K

Heap Regions: E=young(eden), S=young(survivor), O=old, HS=humongous(starts), HC=humongous(continues), CS=collection set, F=free, OA=open archive, CA=closed archive, TAMS=top-at-mark-start (previous, next)
|   0|0x00000000c1600000, 0x00000000c1700000, 0x00000000c1700000|100%|HS|  |TAMS 0x00000000c1700000, 0x00000000c1600000| Complete 
|   1|0x00000000c1700000, 0x00000000c1800000, 0x00000000c1800000|100%| O|  |TAMS 0x00000000c1800000, 0x00000000c1700000| Untracked 
|   2|0x00000000c1800000, 0x00000000c1900000, 0x00000000c1900000|100%|HS|  |TAMS 0x00000000c1900000, 0x00000000c1800000| Complete 
|   3|0x00000000c1900000, 0x00000000c1a00000, 0x00000000c1a00000|100%| O|  |TAMS 0x00000000c1a00000, 0x00000000c1900000| Untracked 
|   4|0x00000000c1a00000, 0x00000000c1b00000, 0x00000000c1b00000|100%| O|  |TAMS 0x00000000c1b00000, 0x00000000c1a00000| Untracked 
|   5|0x00000000c1b00000, 0x00000000c1c00000, 0x00000000c1c00000|100%| O|  |TAMS 0x00000000c1c00000, 0x00000000c1b00000| Untracked 
|   6|0x00000000c1c00000, 0x00000000c1d00000, 0x00000000c1d00000|100%| O|  |TAMS 0x00000000c1d00000, 0x00000000c1c00000| Untracked 
|   7|0x00000000c1d00000, 0x00000000c1e00000, 0x00000000c1e00000|100%| O|  |TAMS 0x00000000c1e00000, 0x00000000c1d00000| Untracked 
|   8|0x00000000c1e00000, 0x00000000c1f00000, 0x00000000c1f00000|100%| O|  |TAMS 0x00000000c1f00000, 0x00000000c1e00000| Untracked 
|   9|0x00000000c1f00000, 0x00000000c2000000, 0x00000000c2000000|100%| O|  |TAMS 0x00000000c2000000, 0x00000000c1f00000| Untracked 
|  10|0x00000000c2000000, 0x00000000c2100000, 0x00000000c2100000|100%| O|  |TAMS 0x00000000c2100000, 0x00000000c2000000| Untracked 
|  11|0x00000000c2100000, 0x00000000c2200000, 0x00000000c2200000|100%| O|  |TAMS 0x00000000c2200000, 0x00000000c2100000| Untracked 
|  12|0x00000000c2200000, 0x00000000c2300000, 0x00000000c2300000|100%| O|  |TAMS 0x00000000c2300000, 0x00000000c2200000| Untracked 
|  13|0x00000000c2300000, 0x00000000c2400000, 0x00000000c2400000|100%| O|  |TAMS 0x00000000c2400000, 0x00000000c2300000| Untracked 
|  14|0x00000000c2400000, 0x00000000c24a7600, 0x00000000c2500000| 65%| O|  |TAMS 0x00000000c24a7600, 0x00000000c2400000| Untracked 
|  15|0x00000000c2500000, 0x00000000c2600000, 0x00000000c2600000|100%| O|  |TAMS 0x00000000c2600000, 0x00000000c2500000| Untracked 
|  16|0x00000000c2600000, 0x00000000c2700000, 0x00000000c2700000|100%| O|  |TAMS 0x00000000c2700000, 0x00000000c2600000| Untracked 
|  17|0x00000000c2700000, 0x00000000c2800000, 0x00000000c2800000|100%| O|  |TAMS 0x00000000c27b2c00, 0x00000000c2700000| Untracked 
|  18|0x00000000c2800000, 0x00000000c2900000, 0x00000000c2900000|100%| O|  |TAMS 0x00000000c2800000, 0x00000000c2800000| Untracked 
|  19|0x00000000c2900000, 0x00000000c2a00000, 0x00000000c2a00000|100%| O|  |TAMS 0x00000000c2900000, 0x00000000c2900000| Untracked 
|  20|0x00000000c2a00000, 0x00000000c2a21c00, 0x00000000c2b00000| 13%| O|  |TAMS 0x00000000c2a00000, 0x00000000c2a00000| Untracked 
|  21|0x00000000c2b00000, 0x00000000c2b00000, 0x00000000c2c00000|  0%| F|  |TAMS 0x00000000c2b00000, 0x00000000c2b00000| Untracked 
|  22|0x00000000c2c00000, 0x00000000c2c00000, 0x00000000c2d00000|  0%| F|  |TAMS 0x00000000c2c00000, 0x00000000c2c00000| Untracked 
|  23|0x00000000c2d00000, 0x00000000c2d00000, 0x00000000c2e00000|  0%| F|  |TAMS 0x00000000c2d00000, 0x00000000c2d00000| Untracked 
|  24|0x00000000c2e00000, 0x00000000c2e00000, 0x00000000c2f00000|  0%| F|  |TAMS 0x00000000c2e00000, 0x00000000c2e00000| Untracked 
|  25|0x00000000c2f00000, 0x00000000c2f00000, 0x00000000c3000000|  0%| F|  |TAMS 0x00000000c2f00000, 0x00000000c2f00000| Untracked 
|  26|0x00000000c3000000, 0x00000000c3000000, 0x00000000c3100000|  0%| F|  |TAMS 0x00000000c3000000, 0x00000000c3000000| Untracked 
|  27|0x00000000c3100000, 0x00000000c3100000, 0x00000000c3200000|  0%| F|  |TAMS 0x00000000c3100000, 0x00000000c3100000| Untracked 
|  28|0x00000000c3200000, 0x00000000c3200000, 0x00000000c3300000|  0%| F|  |TAMS 0x00000000c3200000, 0x00000000c3200000| Untracked 
|  29|0x00000000c3300000, 0x00000000c3300000, 0x00000000c3400000|  0%| F|  |TAMS 0x00000000c3300000, 0x00000000c3300000| Untracked 
|  30|0x00000000c3400000, 0x00000000c34ea828, 0x00000000c3500000| 91%| S|CS|TAMS 0x00000000c3400000, 0x00000000c3400000| Complete 
|  31|0x00000000c3500000, 0x00000000c3600000, 0x00000000c3600000|100%| S|CS|TAMS 0x00000000c3500000, 0x00000000c3500000| Complete 
|  32|0x00000000c3600000, 0x00000000c3700000, 0x00000000c3700000|100%| S|CS|TAMS 0x00000000c3600000, 0x00000000c3600000| Complete 
|  33|0x00000000c3700000, 0x00000000c3700000, 0x00000000c3800000|  0%| F|  |TAMS 0x00000000c3700000, 0x00000000c3700000| Untracked 
|  34|0x00000000c3800000, 0x00000000c3800000, 0x00000000c3900000|  0%| F|  |TAMS 0x00000000c3800000, 0x00000000c3800000| Untracked 
|  35|0x00000000c3900000, 0x00000000c3900000, 0x00000000c3a00000|  0%| F|  |TAMS 0x00000000c3900000, 0x00000000c3900000| Untracked 
|  36|0x00000000c3a00000, 0x00000000c3a00000, 0x00000000c3b00000|  0%| F|  |TAMS 0x00000000c3a00000, 0x00000000c3a00000| Untracked 
|  37|0x00000000c3b00000, 0x00000000c3b00000, 0x00000000c3c00000|  0%| F|  |TAMS 0x00000000c3b00000, 0x00000000c3b00000| Untracked 
|  38|0x00000000c3c00000, 0x00000000c3c00000, 0x00000000c3d00000|  0%| F|  |TAMS 0x00000000c3c00000, 0x00000000c3c00000| Untracked 
|  39|0x00000000c3d00000, 0x00000000c3d00000, 0x00000000c3e00000|  0%| F|  |TAMS 0x00000000c3d00000, 0x00000000c3d00000| Untracked 
|  40|0x00000000c3e00000, 0x00000000c3e00000, 0x00000000c3f00000|  0%| F|  |TAMS 0x00000000c3e00000, 0x00000000c3e00000| Untracked 
|  41|0x00000000c3f00000, 0x00000000c3f00000, 0x00000000c4000000|  0%| F|  |TAMS 0x00000000c3f00000, 0x00000000c3f00000| Untracked 
|  42|0x00000000c4000000, 0x00000000c4000000, 0x00000000c4100000|  0%| F|  |TAMS 0x00000000c4000000, 0x00000000c4000000| Untracked 
|  43|0x00000000c4100000, 0x00000000c4100000, 0x00000000c4200000|  0%| F|  |TAMS 0x00000000c4100000, 0x00000000c4100000| Untracked 
|  44|0x00000000c4200000, 0x00000000c4200000, 0x00000000c4300000|  0%| F|  |TAMS 0x00000000c4200000, 0x00000000c4200000| Untracked 
|  45|0x00000000c4300000, 0x00000000c4300000, 0x00000000c4400000|  0%| F|  |TAMS 0x00000000c4300000, 0x00000000c4300000| Untracked 
|  46|0x00000000c4400000, 0x00000000c4400000, 0x00000000c4500000|  0%| F|  |TAMS 0x00000000c4400000, 0x00000000c4400000| Untracked 
|  47|0x00000000c4500000, 0x00000000c4500000, 0x00000000c4600000|  0%| F|  |TAMS 0x00000000c4500000, 0x00000000c4500000| Untracked 
|  48|0x00000000c4600000, 0x00000000c4600000, 0x00000000c4700000|  0%| F|  |TAMS 0x00000000c4600000, 0x00000000c4600000| Untracked 
|  49|0x00000000c4700000, 0x00000000c4700000, 0x00000000c4800000|  0%| F|  |TAMS 0x00000000c4700000, 0x00000000c4700000| Untracked 
|  50|0x00000000c4800000, 0x00000000c4826ea0, 0x00000000c4900000| 15%| E|  |TAMS 0x00000000c4800000, 0x00000000c4800000| Complete 
|  51|0x00000000c4900000, 0x00000000c4a00000, 0x00000000c4a00000|100%| E|CS|TAMS 0x00000000c4900000, 0x00000000c4900000| Complete 
|  52|0x00000000c4a00000, 0x00000000c4b00000, 0x00000000c4b00000|100%| E|CS|TAMS 0x00000000c4a00000, 0x00000000c4a00000| Complete 
|  53|0x00000000c4b00000, 0x00000000c4c00000, 0x00000000c4c00000|100%| E|CS|TAMS 0x00000000c4b00000, 0x00000000c4b00000| Complete 
|  54|0x00000000c4c00000, 0x00000000c4d00000, 0x00000000c4d00000|100%| E|CS|TAMS 0x00000000c4c00000, 0x00000000c4c00000| Complete 
|  55|0x00000000c4d00000, 0x00000000c4e00000, 0x00000000c4e00000|100%| E|CS|TAMS 0x00000000c4d00000, 0x00000000c4d00000| Complete 
|  56|0x00000000c4e00000, 0x00000000c4f00000, 0x00000000c4f00000|100%| E|CS|TAMS 0x00000000c4e00000, 0x00000000c4e00000| Complete 
|  57|0x00000000c4f00000, 0x00000000c5000000, 0x00000000c5000000|100%| E|CS|TAMS 0x00000000c4f00000, 0x00000000c4f00000| Complete 
|  58|0x00000000c5000000, 0x00000000c5100000, 0x00000000c5100000|100%| E|CS|TAMS 0x00000000c5000000, 0x00000000c5000000| Complete 
|  59|0x00000000c5100000, 0x00000000c5200000, 0x00000000c5200000|100%| E|CS|TAMS 0x00000000c5100000, 0x00000000c5100000| Complete 
|  60|0x00000000c5200000, 0x00000000c5300000, 0x00000000c5300000|100%| E|CS|TAMS 0x00000000c5200000, 0x00000000c5200000| Complete 
|  61|0x00000000c5300000, 0x00000000c5400000, 0x00000000c5400000|100%| E|CS|TAMS 0x00000000c5300000, 0x00000000c5300000| Complete 
|  62|0x00000000c5400000, 0x00000000c5500000, 0x00000000c5500000|100%| E|CS|TAMS 0x00000000c5400000, 0x00000000c5400000| Complete 
|  63|0x00000000c5500000, 0x00000000c5600000, 0x00000000c5600000|100%| E|CS|TAMS 0x00000000c5500000, 0x00000000c5500000| Complete 

Card table byte_map: [0x000002dfb65e0000,0x000002dfb67e0000] _byte_map_base: 0x000002dfb5fd5000

Marking Bits (Prev, Next): (CMBitMap*) 0x000002df9fca4810, (CMBitMap*) 0x000002df9fca4850
 Prev Bits: [0x000002dfb69e0000, 0x000002dfb7988000)
 Next Bits: [0x000002dfb7990000, 0x000002dfb8938000)

Polling page: 0x000002df9da90000

Metaspace:

Usage:
  Non-class:     36.07 MB used.
      Class:      4.62 MB used.
       Both:     40.68 MB used.

Virtual space:
  Non-class space:       40.00 MB reserved,      36.19 MB ( 90%) committed,  5 nodes.
      Class space:        1.00 GB reserved,       4.81 MB ( <1%) committed,  1 nodes.
              Both:        1.04 GB reserved,      41.00 MB (  4%) committed. 

Chunk freelists:
   Non-Class:  3.69 MB
       Class:  3.17 MB
        Both:  6.86 MB

MaxMetaspaceSize: 17179869184.00 GB
CompressedClassSpaceSize: 1.00 GB
 - commit_granule_bytes: 65536.
 - commit_granule_words: 8192.
 - virtual_space_node_default_size: 1048576.
 - enlarge_chunks_in_place: 1.
 - new_chunks_are_fully_committed: 0.
 - uncommit_free_chunks: 1.
 - use_allocation_guard: 0.
 - handle_deallocations: 1.


Internal statistics:

num_allocs_failed_limit: 6.
num_arena_births: 302.
num_arena_deaths: 0.
num_vsnodes_births: 6.
num_vsnodes_deaths: 0.
num_space_committed: 655.
num_space_uncommitted: 0.
num_chunks_returned_to_freelist: 6.
num_chunks_taken_from_freelist: 1570.
num_chunk_merges: 6.
num_chunk_splits: 1161.
num_chunks_enlarged: 920.
num_purges: 0.

CodeHeap 'non-profiled nmethods': size=120000Kb used=3318Kb max_used=3318Kb free=116681Kb
 bounds [0x000002dfaeeb0000, 0x000002dfaf1f0000, 0x000002dfb63e0000]
CodeHeap 'profiled nmethods': size=120000Kb used=8866Kb max_used=8866Kb free=111133Kb
 bounds [0x000002dfa7980000, 0x000002dfa8230000, 0x000002dfaeeb0000]
CodeHeap 'non-nmethods': size=5760Kb used=1323Kb max_used=1422Kb free=4436Kb
 bounds [0x000002dfa73e0000, 0x000002dfa7650000, 0x000002dfa7980000]
 total_blobs=4752 nmethods=4192 adapters=472
 compilation: enabled
              stopped_count=0, restarted_count=0
 full_count=0

Compilation events (20 events):
Event: 13.171 Thread 0x000002dfbadbd190 nmethod 4274 0x000002dfaf1b3610 code [0x000002dfaf1b37a0, 0x000002dfaf1b3878]
Event: 13.677 Thread 0x000002dfbad9ce90 nmethod 3413% 0x000002dfaf1b3910 code [0x000002dfaf1b41a0, 0x000002dfaf1c5ea0]
Event: 13.680 Thread 0x000002dfbad9ce90 4237       4       java.util.regex.Matcher::reset (128 bytes)
Event: 13.699 Thread 0x000002dfbad9ce90 nmethod 4237 0x000002dfaf1cfc10 code [0x000002dfaf1cfdc0, 0x000002dfaf1d02a8]
Event: 13.699 Thread 0x000002dfbad9ce90 4158       4       java.util.regex.Pattern$Slice::match (79 bytes)
Event: 13.708 Thread 0x000002dfbad9ce90 nmethod 4158 0x000002dfaf1d0590 code [0x000002dfaf1d0740, 0x000002dfaf1d0c28]
Event: 13.708 Thread 0x000002dfbad9ce90 3823       4       java.util.regex.Pattern$CharProperty::match (71 bytes)
Event: 13.728 Thread 0x000002dfbad9ce90 nmethod 3823 0x000002dfaf1d0f90 code [0x000002dfaf1d1180, 0x000002dfaf1d1a78]
Event: 13.728 Thread 0x000002dfbad9ce90 4261       4       java.util.regex.Pattern$Branch::match (66 bytes)
Event: 13.732 Thread 0x000002dfbad9ce90 nmethod 4261 0x000002dfaf1d2210 code [0x000002dfaf1d23a0, 0x000002dfaf1d2618]
Event: 13.732 Thread 0x000002dfbad9ce90 4259       4       java.lang.AbstractStringBuilder::isLatin1 (19 bytes)
Event: 13.732 Thread 0x000002dfbad9ce90 nmethod 4259 0x000002dfaf1d2810 code [0x000002dfaf1d2980, 0x000002dfaf1d2a18]
Event: 13.733 Thread 0x000002dfbad9ce90 4257       4       java.lang.String::codePointAt (50 bytes)
Event: 13.734 Thread 0x000002dfbad9ce90 nmethod 4257 0x000002dfaf1d2b10 code [0x000002dfaf1d2ca0, 0x000002dfaf1d2db8]
Event: 14.607 Thread 0x000002dfbc70a1a0 nmethod 3816 0x000002dfaf1d2e90 code [0x000002dfaf1d35a0, 0x000002dfaf1e6298]
Event: 79.097 Thread 0x000002dfbadbd190 4275       3       java.util.concurrent.ConcurrentHashMap::get (162 bytes)
Event: 79.099 Thread 0x000002dfbadbd190 nmethod 4275 0x000002dfa8227010 code [0x000002dfa8227260, 0x000002dfa8227d88]
Event: 142.662 Thread 0x000002dfbadbd190 4276       3       javax.security.jacc.EJBMethodPermission$MethodSpec::implies (71 bytes)
Event: 142.663 Thread 0x000002dfbadbd190 nmethod 4276 0x000002dfa8228110 code [0x000002dfa8228300, 0x000002dfa82286e8]
Event: 142.666 Thread 0x000002dfbad9ce90 4277       4       jdk.internal.org.objectweb.asm.Label::resolve (219 bytes)

GC Heap History (20 events):
Event: 7.399 GC heap before
{Heap before GC invocations=9 (full 0):
 garbage-first heap   total 65536K, used 52154K [0x00000000c1600000, 0x0000000100000000)
  region size 1024K, 37 young (37888K), 2 survivors (2048K)
 Metaspace       used 17035K, committed 17280K, reserved 1064960K
  class space    used 1701K, committed 1856K, reserved 1048576K
}
Event: 7.401 GC heap after
{Heap after GC invocations=10 (full 0):
 garbage-first heap   total 65536K, used 16827K [0x00000000c1600000, 0x0000000100000000)
  region size 1024K, 2 young (2048K), 2 survivors (2048K)
 Metaspace       used 17035K, committed 17280K, reserved 1064960K
  class space    used 1701K, committed 1856K, reserved 1048576K
}
Event: 8.148 GC heap before
{Heap before GC invocations=10 (full 0):
 garbage-first heap   total 65536K, used 52667K [0x00000000c1600000, 0x0000000100000000)
  region size 1024K, 37 young (37888K), 2 survivors (2048K)
 Metaspace       used 18318K, committed 18560K, reserved 1073152K
  class space    used 1875K, committed 1984K, reserved 1048576K
}
Event: 8.152 GC heap after
{Heap after GC invocations=11 (full 0):
 garbage-first heap   total 65536K, used 17132K [0x00000000c1600000, 0x0000000100000000)
  region size 1024K, 3 young (3072K), 3 survivors (3072K)
 Metaspace       used 18318K, committed 18560K, reserved 1073152K
  class space    used 1875K, committed 1984K, reserved 1048576K
}
Event: 8.881 GC heap before
{Heap before GC invocations=11 (full 0):
 garbage-first heap   total 65536K, used 44780K [0x00000000c1600000, 0x0000000100000000)
  region size 1024K, 31 young (31744K), 3 survivors (3072K)
 Metaspace       used 21015K, committed 21248K, reserved 1073152K
  class space    used 2233K, committed 2368K, reserved 1048576K
}
Event: 8.887 GC heap after
{Heap after GC invocations=12 (full 0):
 garbage-first heap   total 65536K, used 17793K [0x00000000c1600000, 0x0000000100000000)
  region size 1024K, 3 young (3072K), 3 survivors (3072K)
 Metaspace       used 21015K, committed 21248K, reserved 1073152K
  class space    used 2233K, committed 2368K, reserved 1048576K
}
Event: 9.507 GC heap before
{Heap before GC invocations=13 (full 0):
 garbage-first heap   total 65536K, used 52609K [0x00000000c1600000, 0x0000000100000000)
  region size 1024K, 38 young (38912K), 3 survivors (3072K)
 Metaspace       used 24615K, committed 24896K, reserved 1073152K
  class space    used 2573K, committed 2688K, reserved 1048576K
}
Event: 9.516 GC heap after
{Heap after GC invocations=14 (full 0):
 garbage-first heap   total 65536K, used 18474K [0x00000000c1600000, 0x0000000100000000)
  region size 1024K, 3 young (3072K), 3 survivors (3072K)
 Metaspace       used 24615K, committed 24896K, reserved 1073152K
  class space    used 2573K, committed 2688K, reserved 1048576K
}
Event: 9.915 GC heap before
{Heap before GC invocations=14 (full 0):
 garbage-first heap   total 65536K, used 53290K [0x00000000c1600000, 0x0000000100000000)
  region size 1024K, 37 young (37888K), 3 survivors (3072K)
 Metaspace       used 27921K, committed 28224K, reserved 1081344K
  class space    used 2938K, committed 3072K, reserved 1048576K
}
Event: 9.919 GC heap after
{Heap after GC invocations=15 (full 0):
 garbage-first heap   total 65536K, used 18922K [0x00000000c1600000, 0x0000000100000000)
  region size 1024K, 3 young (3072K), 3 survivors (3072K)
 Metaspace       used 27921K, committed 28224K, reserved 1081344K
  class space    used 2938K, committed 3072K, reserved 1048576K
}
Event: 10.642 GC heap before
{Heap before GC invocations=15 (full 0):
 garbage-first heap   total 65536K, used 53738K [0x00000000c1600000, 0x0000000100000000)
  region size 1024K, 37 young (37888K), 3 survivors (3072K)
 Metaspace       used 31281K, committed 31552K, reserved 1081344K
  class space    used 3477K, committed 3584K, reserved 1048576K
}
Event: 10.651 GC heap after
{Heap after GC invocations=16 (full 0):
 garbage-first heap   total 65536K, used 20378K [0x00000000c1600000, 0x0000000100000000)
  region size 1024K, 4 young (4096K), 4 survivors (4096K)
 Metaspace       used 31281K, committed 31552K, reserved 1081344K
  class space    used 3477K, committed 3584K, reserved 1048576K
}
Event: 11.508 GC heap before
{Heap before GC invocations=16 (full 0):
 garbage-first heap   total 65536K, used 53146K [0x00000000c1600000, 0x0000000100000000)
  region size 1024K, 36 young (36864K), 4 survivors (4096K)
 Metaspace       used 34358K, committed 34624K, reserved 1081344K
  class space    used 3821K, committed 3968K, reserved 1048576K
}
Event: 11.516 GC heap after
{Heap after GC invocations=17 (full 0):
 garbage-first heap   total 65536K, used 21506K [0x00000000c1600000, 0x0000000100000000)
  region size 1024K, 4 young (4096K), 4 survivors (4096K)
 Metaspace       used 34358K, committed 34624K, reserved 1081344K
  class space    used 3821K, committed 3968K, reserved 1048576K
}
Event: 11.719 GC heap before
{Heap before GC invocations=17 (full 0):
 garbage-first heap   total 65536K, used 32770K [0x00000000c1600000, 0x0000000100000000)
  region size 1024K, 16 young (16384K), 4 survivors (4096K)
 Metaspace       used 35310K, committed 35520K, reserved 1081344K
  class space    used 3932K, committed 4032K, reserved 1048576K
}
Event: 11.724 GC heap after
{Heap after GC invocations=18 (full 0):
 garbage-first heap   total 65536K, used 21968K [0x00000000c1600000, 0x0000000100000000)
  region size 1024K, 4 young (4096K), 4 survivors (4096K)
 Metaspace       used 35310K, committed 35520K, reserved 1081344K
  class space    used 3932K, committed 4032K, reserved 1048576K
}
Event: 12.141 GC heap before
{Heap before GC invocations=19 (full 0):
 garbage-first heap   total 65536K, used 52688K [0x00000000c1600000, 0x0000000100000000)
  region size 1024K, 34 young (34816K), 4 survivors (4096K)
 Metaspace       used 37967K, committed 38272K, reserved 1089536K
  class space    used 4240K, committed 4352K, reserved 1048576K
}
Event: 12.147 GC heap after
{Heap after GC invocations=20 (full 0):
 garbage-first heap   total 65536K, used 22306K [0x00000000c1600000, 0x0000000100000000)
  region size 1024K, 2 young (2048K), 2 survivors (2048K)
 Metaspace       used 37967K, committed 38272K, reserved 1089536K
  class space    used 4240K, committed 4352K, reserved 1048576K
}
Event: 12.698 GC heap before
{Heap before GC invocations=20 (full 0):
 garbage-first heap   total 65536K, used 54050K [0x00000000c1600000, 0x0000000100000000)
  region size 1024K, 33 young (33792K), 2 survivors (2048K)
 Metaspace       used 40794K, committed 41088K, reserved 1089536K
  class space    used 4603K, committed 4736K, reserved 1048576K
}
Event: 12.703 GC heap after
{Heap after GC invocations=21 (full 0):
 garbage-first heap   total 65536K, used 23246K [0x00000000c1600000, 0x0000000100000000)
  region size 1024K, 3 young (3072K), 3 survivors (3072K)
 Metaspace       used 40794K, committed 41088K, reserved 1089536K
  class space    used 4603K, committed 4736K, reserved 1048576K
}

Deoptimization events (20 events):
Event: 13.145 Thread 0x000002df9fc73a00 DEOPT PACKING pc=0x000002dfa803c3b4 sp=0x000000fb53afda60
Event: 13.145 Thread 0x000002df9fc73a00 DEOPT UNPACKING pc=0x000002dfa742dece sp=0x000000fb53afcfd8 mode 1
Event: 13.145 Thread 0x000002df9fc73a00 DEOPT PACKING pc=0x000002dfa803c51c sp=0x000000fb53afdb90
Event: 13.145 Thread 0x000002df9fc73a00 DEOPT UNPACKING pc=0x000002dfa742dece sp=0x000000fb53afd120 mode 1
Event: 13.145 Thread 0x000002df9fc73a00 DEOPT PACKING pc=0x000002dfa803c734 sp=0x000000fb53afda60
Event: 13.145 Thread 0x000002df9fc73a00 DEOPT UNPACKING pc=0x000002dfa742dece sp=0x000000fb53afcfd8 mode 1
Event: 13.145 Thread 0x000002df9fc73a00 DEOPT PACKING pc=0x000002dfa803c23c sp=0x000000fb53afdb90
Event: 13.145 Thread 0x000002df9fc73a00 DEOPT UNPACKING pc=0x000002dfa742dece sp=0x000000fb53afd120 mode 1
Event: 13.176 Thread 0x000002df9fc73a00 Uncommon trap: trap_request=0xffffffde fr.pc=0x000002dfaef44504 relative=0x0000000000000f64
Event: 13.177 Thread 0x000002df9fc73a00 Uncommon trap: reason=class_check action=maybe_recompile pc=0x000002dfaef44504 method=java.util.concurrent.ConcurrentHashMap.putVal(Ljava/lang/Object;Ljava/lang/Object;Z)Ljava/lang/Object; @ 159 c2
Event: 13.177 Thread 0x000002df9fc73a00 DEOPT PACKING pc=0x000002dfaef44504 sp=0x000000fb53afdcd0
Event: 13.177 Thread 0x000002df9fc73a00 DEOPT UNPACKING pc=0x000002dfa742d72e sp=0x000000fb53afdc70 mode 2
Event: 13.178 Thread 0x000002df9fc73a00 Uncommon trap: trap_request=0xffffff45 fr.pc=0x000002dfaef4c664 relative=0x0000000000000344
Event: 13.179 Thread 0x000002df9fc73a00 Uncommon trap: reason=unstable_if action=reinterpret pc=0x000002dfaef4c664 method=java.util.concurrent.ConcurrentHashMap.get(Ljava/lang/Object;)Ljava/lang/Object; @ 152 c2
Event: 13.179 Thread 0x000002df9fc73a00 DEOPT PACKING pc=0x000002dfaef4c664 sp=0x000000fb53afdd70
Event: 13.179 Thread 0x000002df9fc73a00 DEOPT UNPACKING pc=0x000002dfa742d72e sp=0x000000fb53afdd08 mode 2
Event: 13.179 Thread 0x000002df9fc73a00 Uncommon trap: trap_request=0xffffffde fr.pc=0x000002dfaef44504 relative=0x0000000000000f64
Event: 13.179 Thread 0x000002df9fc73a00 Uncommon trap: reason=class_check action=maybe_recompile pc=0x000002dfaef44504 method=java.util.concurrent.ConcurrentHashMap.putVal(Ljava/lang/Object;Ljava/lang/Object;Z)Ljava/lang/Object; @ 159 c2
Event: 13.179 Thread 0x000002df9fc73a00 DEOPT PACKING pc=0x000002dfaef44504 sp=0x000000fb53afdcd0
Event: 13.179 Thread 0x000002df9fc73a00 DEOPT UNPACKING pc=0x000002dfa742d72e sp=0x000000fb53afdc70 mode 2

Classes unloaded (0 events):
No events

Classes redefined (0 events):
No events

Internal exceptions (20 events):
Event: 12.842 Thread 0x000002df9fc73a00 Exception <a 'java/lang/NoSuchMethodError'{0x00000000c51924b8}: 'java.lang.Object java.lang.invoke.DirectMethodHandle$Holder.invokeVirtual(java.lang.Object, java.lang.Object, java.lang.Object, java.lang.Object)'> (0x00000000c51924b8) 
thrown [t:\workspace\open\src\hotspot\share\interpreter\linkResolver.cpp, line 790]
Event: 12.861 Thread 0x000002df9fc73a00 Exception <a 'java/lang/IncompatibleClassChangeError'{0x00000000c507aca8}: Found class java.lang.Object, but interface was expected> (0x00000000c507aca8) 
thrown [t:\workspace\open\src\hotspot\share\interpreter\linkResolver.cpp, line 857]
Event: 12.909 Thread 0x000002df9fc73a00 Exception <a 'java/lang/NoClassDefFoundError'{0x00000000c4e3f5c8}: org/apache/log4j/Logger> (0x00000000c4e3f5c8) 
thrown [t:\workspace\open\src\hotspot\share\oops\constantPool.cpp, line 809]
Event: 12.922 Thread 0x000002df9fc73a00 Exception <a 'java/lang/NoClassDefFoundError'{0x00000000c4e59210}: org/apache/log4j/Logger> (0x00000000c4e59210) 
thrown [t:\workspace\open\src\hotspot\share\oops\constantPool.cpp, line 809]
Event: 12.926 Thread 0x000002df9fc73a00 Exception <a 'java/lang/NoClassDefFoundError'{0x00000000c4e6c488}: org/apache/log4j/Logger> (0x00000000c4e6c488) 
thrown [t:\workspace\open\src\hotspot\share\oops\constantPool.cpp, line 809]
Event: 12.930 Thread 0x000002df9fc73a00 Exception <a 'java/lang/NoClassDefFoundError'{0x00000000c4e80890}: org/apache/log4j/Logger> (0x00000000c4e80890) 
thrown [t:\workspace\open\src\hotspot\share\oops\constantPool.cpp, line 809]
Event: 12.972 Thread 0x000002df9fc73a00 Exception <a 'java/lang/NoClassDefFoundError'{0x00000000c4d4d510}: org/apache/log4j/Logger> (0x00000000c4d4d510) 
thrown [t:\workspace\open\src\hotspot\share\oops\constantPool.cpp, line 809]
Event: 13.006 Thread 0x000002df9fc73a00 Exception <a 'java/lang/NoClassDefFoundError'{0x00000000c4de2608}: org/apache/log4j/Logger> (0x00000000c4de2608) 
thrown [t:\workspace\open\src\hotspot\share\oops\constantPool.cpp, line 809]
Event: 13.021 Thread 0x000002df9fc73a00 Exception <a 'java/lang/NoClassDefFoundError'{0x00000000c4dfea58}: org/apache/log4j/Logger> (0x00000000c4dfea58) 
thrown [t:\workspace\open\src\hotspot\share\oops\constantPool.cpp, line 809]
Event: 13.032 Thread 0x000002df9fc73a00 Exception <a 'java/lang/NoClassDefFoundError'{0x00000000c4c64b18}: org/apache/log4j/Logger> (0x00000000c4c64b18) 
thrown [t:\workspace\open\src\hotspot\share\oops\constantPool.cpp, line 809]
Event: 13.043 Thread 0x000002df9fc73a00 Exception <a 'java/lang/NoClassDefFoundError'{0x00000000c4c7e8f8}: org/apache/log4j/Logger> (0x00000000c4c7e8f8) 
thrown [t:\workspace\open\src\hotspot\share\oops\constantPool.cpp, line 809]
Event: 13.050 Thread 0x000002df9fc73a00 Exception <a 'java/lang/NoClassDefFoundError'{0x00000000c4ce2f28}: org/apache/log4j/Logger> (0x00000000c4ce2f28) 
thrown [t:\workspace\open\src\hotspot\share\oops\constantPool.cpp, line 809]
Event: 13.060 Thread 0x000002df9fc73a00 Exception <a 'java/lang/NoClassDefFoundError'{0x00000000c4cfcc88}: org/apache/log4j/Logger> (0x00000000c4cfcc88) 
thrown [t:\workspace\open\src\hotspot\share\oops\constantPool.cpp, line 809]
Event: 13.072 Thread 0x000002df9fc73a00 Exception <a 'java/lang/NoClassDefFoundError'{0x00000000c4b62c88}: org/apache/log4j/Logger> (0x00000000c4b62c88) 
thrown [t:\workspace\open\src\hotspot\share\oops\constantPool.cpp, line 809]
Event: 13.079 Thread 0x000002df9fc73a00 Exception <a 'java/lang/NoClassDefFoundError'{0x00000000c4b7ca50}: org/apache/log4j/Logger> (0x00000000c4b7ca50) 
thrown [t:\workspace\open\src\hotspot\share\oops\constantPool.cpp, line 809]
Event: 13.105 Thread 0x000002df9fc73a00 Exception <a 'java/lang/NoClassDefFoundError'{0x00000000c4be0cf8}: org/apache/log4j/Logger> (0x00000000c4be0cf8) 
thrown [t:\workspace\open\src\hotspot\share\oops\constantPool.cpp, line 809]
Event: 13.113 Thread 0x000002df9fc73a00 Exception <a 'java/lang/NoClassDefFoundError'{0x00000000c4bfaae0}: org/apache/log4j/Logger> (0x00000000c4bfaae0) 
thrown [t:\workspace\open\src\hotspot\share\oops\constantPool.cpp, line 809]
Event: 13.117 Thread 0x000002df9fc73a00 Exception <a 'java/lang/NoClassDefFoundError'{0x00000000c4a60570}: org/apache/log4j/Logger> (0x00000000c4a60570) 
thrown [t:\workspace\open\src\hotspot\share\oops\constantPool.cpp, line 809]
Event: 13.121 Thread 0x000002df9fc73a00 Exception <a 'java/lang/NoClassDefFoundError'{0x00000000c4a7a3c8}: org/apache/log4j/Logger> (0x00000000c4a7a3c8) 
thrown [t:\workspace\open\src\hotspot\share\oops\constantPool.cpp, line 809]
Event: 13.127 Thread 0x000002df9fc73a00 Exception <a 'java/lang/NoClassDefFoundError'{0x00000000c4ade700}: org/apache/log4j/Logger> (0x00000000c4ade700) 
thrown [t:\workspace\open\src\hotspot\share\oops\constantPool.cpp, line 809]

Events (20 events):
Event: 14.676 Executing  VM operation: get/set locals done
Event: 14.677 Executing  VM operation: get/set locals
Event: 14.677 Executing  VM operation: get/set locals done
Event: 14.677 Executing  VM operation: get/set locals
Event: 14.677 Executing  VM operation: get/set locals done
Event: 14.678 Executing  VM operation: get/set locals
Event: 14.678 Executing  VM operation: get/set locals done
Event: 14.679 Executing  VM operation: get/set locals
Event: 14.679 Executing  VM operation: get/set locals done
Event: 14.679 Executing  VM operation: get/set locals
Event: 14.680 Executing  VM operation: get/set locals done
Event: 19.619 Thread 0x000002dfbc70a1a0 Thread exited: 0x000002dfbc70a1a0
Event: 22.965 Executing  VM operation: get/set locals
Event: 22.965 Executing  VM operation: get/set locals done
Event: 84.590 Executing  VM operation: Cleanup
Event: 84.590 Executing  VM operation: Cleanup done
Event: 138.109 Executing  VM operation: get/set locals
Event: 138.109 Executing  VM operation: get/set locals done
Event: 142.665 loading class jdk/internal/vm/annotation/ForceInline
Event: 142.665 loading class jdk/internal/vm/annotation/ForceInline done


Dynamic libraries:
0x00007ff79d5e0000 - 0x00007ff79d5f0000 	C:\Program Files\Java\jdk-16.0.2\bin\javaw.exe
0x00007ffcd2c70000 - 0x00007ffcd2e65000 	C:\Windows\SYSTEM32\ntdll.dll
0x00007ffcd2ac0000 - 0x00007ffcd2b7e000 	C:\Windows\System32\KERNEL32.DLL
0x00007ffcd09e0000 - 0x00007ffcd0ca8000 	C:\Windows\System32\KERNELBASE.dll
0x00007ffcd0670000 - 0x00007ffcd0770000 	C:\Windows\System32\ucrtbase.dll
0x00007ffcca490000 - 0x00007ffcca4a8000 	C:\Program Files\Java\jdk-16.0.2\bin\jli.dll
0x00007ffcd0d60000 - 0x00007ffcd0e0e000 	C:\Windows\System32\ADVAPI32.dll
0x00007ffcd0eb0000 - 0x00007ffcd0f4e000 	C:\Windows\System32\msvcrt.dll
0x00007ffcd2b90000 - 0x00007ffcd2c2c000 	C:\Windows\System32\sechost.dll
0x00007ffcd1a00000 - 0x00007ffcd1b25000 	C:\Windows\System32\RPCRT4.dll
0x00007ffcd1100000 - 0x00007ffcd12a1000 	C:\Windows\System32\USER32.dll
0x00007ffcd0640000 - 0x00007ffcd0662000 	C:\Windows\System32\win32u.dll
0x00007ffcd2950000 - 0x00007ffcd297b000 	C:\Windows\System32\GDI32.dll
0x00007ffcd03d0000 - 0x00007ffcd04dd000 	C:\Windows\System32\gdi32full.dll
0x00007ffcd0770000 - 0x00007ffcd080d000 	C:\Windows\System32\msvcp_win.dll
0x00007ffcc9c90000 - 0x00007ffcc9ca9000 	C:\Program Files\Java\jdk-16.0.2\bin\VCRUNTIME140.dll
0x00007ffcbbe00000 - 0x00007ffcbc09a000 	C:\Windows\WinSxS\amd64_microsoft.windows.common-controls_6595b64144ccf1df_6.0.19041.1110_none_60b5254171f9507e\COMCTL32.dll
0x00007ffcc2b40000 - 0x00007ffcc2b4a000 	C:\Windows\SYSTEM32\VERSION.dll
0x00007ffcd0fb0000 - 0x00007ffcd0fe0000 	C:\Windows\System32\IMM32.DLL
0x00007ffcc9f50000 - 0x00007ffcc9f5c000 	C:\Program Files\Java\jdk-16.0.2\bin\vcruntime140_1.dll
0x00007ffcb76a0000 - 0x00007ffcb7731000 	C:\Program Files\Java\jdk-16.0.2\bin\msvcp140.dll
0x00007ffc6c1b0000 - 0x00007ffc6cd5b000 	C:\Program Files\Java\jdk-16.0.2\bin\server\jvm.dll
0x00007ffcd2b80000 - 0x00007ffcd2b88000 	C:\Windows\System32\PSAPI.DLL
0x00007ffca9430000 - 0x00007ffca9439000 	C:\Windows\SYSTEM32\WSOCK32.dll
0x00007ffcd1ee0000 - 0x00007ffcd1f4b000 	C:\Windows\System32\WS2_32.dll
0x00007ffcb44d0000 - 0x00007ffcb44f7000 	C:\Windows\SYSTEM32\WINMM.dll
0x00007ffccec00000 - 0x00007ffccec12000 	C:\Windows\SYSTEM32\kernel.appcore.dll
0x00007ffcc9c60000 - 0x00007ffcc9c6a000 	C:\Program Files\Java\jdk-16.0.2\bin\jimage.dll
0x00007ffcc67a0000 - 0x00007ffcc6984000 	C:\Windows\SYSTEM32\DBGHELP.DLL
0x00007ffcc6770000 - 0x00007ffcc679c000 	C:\Windows\SYSTEM32\dbgcore.DLL
0x00007ffcd0920000 - 0x00007ffcd09a2000 	C:\Windows\System32\bcryptPrimitives.dll
0x00007ffcb7660000 - 0x00007ffcb769b000 	C:\Program Files\Java\jdk-16.0.2\bin\jdwp.dll
0x00007ffcc9c50000 - 0x00007ffcc9c5e000 	C:\Program Files\Java\jdk-16.0.2\bin\instrument.dll
0x00007ffcbbcd0000 - 0x00007ffcbbcf5000 	C:\Program Files\Java\jdk-16.0.2\bin\java.dll
0x00007ffcd12b0000 - 0x00007ffcd19f4000 	C:\Windows\System32\SHELL32.dll
0x00007ffcce330000 - 0x00007ffcceac5000 	C:\Windows\SYSTEM32\windows.storage.dll
0x00007ffcd24c0000 - 0x00007ffcd2815000 	C:\Windows\System32\combase.dll
0x00007ffccfd00000 - 0x00007ffccfd2e000 	C:\Windows\SYSTEM32\Wldp.dll
0x00007ffcd28a0000 - 0x00007ffcd294d000 	C:\Windows\System32\SHCORE.dll
0x00007ffcd0f50000 - 0x00007ffcd0fa5000 	C:\Windows\System32\shlwapi.dll
0x00007ffcd02c0000 - 0x00007ffcd02df000 	C:\Windows\SYSTEM32\profapi.dll
0x00007ffcc9c40000 - 0x00007ffcc9c4c000 	C:\Program Files\Java\jdk-16.0.2\bin\dt_socket.dll
0x00007ffccf750000 - 0x00007ffccf78b000 	C:\Windows\SYSTEM32\IPHLPAPI.DLL
0x00007ffccfa60000 - 0x00007ffccfaca000 	C:\Windows\system32\mswsock.dll
0x00007ffccf790000 - 0x00007ffccf85b000 	C:\Windows\SYSTEM32\DNSAPI.dll
0x00007ffcd2430000 - 0x00007ffcd2438000 	C:\Windows\System32\NSI.dll
0x00007ffcc9620000 - 0x00007ffcc962a000 	C:\Windows\System32\rasadhlp.dll
0x00007ffcc2590000 - 0x00007ffcc260f000 	C:\Windows\System32\fwpuclnt.dll
0x00007ffcd09b0000 - 0x00007ffcd09d7000 	C:\Windows\System32\bcrypt.dll
0x00007ffcc2f70000 - 0x00007ffcc2f88000 	C:\Program Files\Java\jdk-16.0.2\bin\zip.dll
0x00007ffcb7bb0000 - 0x00007ffcb7bc9000 	C:\Program Files\Java\jdk-16.0.2\bin\net.dll
0x00007ffcc2870000 - 0x00007ffcc297c000 	C:\Windows\SYSTEM32\WINHTTP.dll
0x00007ffcb7640000 - 0x00007ffcb7653000 	C:\Program Files\Java\jdk-16.0.2\bin\nio.dll
0x00007ffcc80e0000 - 0x00007ffcc80f0000 	C:\Program Files\Java\jdk-16.0.2\bin\verify.dll
0x00007ffcc5a90000 - 0x00007ffcc5aa7000 	C:\Windows\SYSTEM32\dhcpcsvc6.DLL
0x00007ffcc8050000 - 0x00007ffcc806d000 	C:\Windows\SYSTEM32\dhcpcsvc.DLL
0x00007ffcc2340000 - 0x00007ffcc2349000 	C:\Program Files\Java\jdk-16.0.2\bin\management.dll
0x00007ffcbed10000 - 0x00007ffcbed1b000 	C:\Program Files\Java\jdk-16.0.2\bin\management_ext.dll
0x00007ffcb98b0000 - 0x00007ffcb98c7000 	C:\Windows\system32\napinsp.dll
0x00007ffcb9890000 - 0x00007ffcb98ab000 	C:\Windows\system32\pnrpnsp.dll
0x00007ffccb670000 - 0x00007ffccb685000 	C:\Windows\system32\wshbth.dll
0x00007ffcc9b60000 - 0x00007ffcc9b7d000 	C:\Windows\system32\NLAapi.dll
0x00007ffcb9870000 - 0x00007ffcb9882000 	C:\Windows\System32\winrnr.dll
0x00007ffcb7b20000 - 0x00007ffcb7b29000 	C:\Program Files\Java\jdk-16.0.2\bin\attach.dll

dbghelp: loaded successfully - version: 4.0.5 - missing functions: none
symbol engine: initialized successfully - sym options: 0x614 - pdb path: .;C:\Program Files\Java\jdk-16.0.2\bin;C:\Windows\SYSTEM32;C:\Windows\WinSxS\amd64_microsoft.windows.common-controls_6595b64144ccf1df_6.0.19041.1110_none_60b5254171f9507e;C:\Program Files\Java\jdk-16.0.2\bin\server

VM Arguments:
jvm_args: -XX:+ShowCodeDetailsInExceptionMessages -agentlib:jdwp=transport=dt_socket,suspend=y,address=localhost:51534 -ea -javaagent:C:\Users\diletta\Desktop\eclipse-jee-2021-09-R-win32-x86_64\eclipse\configuration\org.eclipse.osgi\415\0\.cp\lib\javaagent-shaded.jar -Dfile.encoding=Cp1252 
java_command: org.eclipse.jdt.internal.junit.runner.RemoteTestRunner -version 3 -port 51533 -testLoaderClass org.eclipse.jdt.internal.junit4.runner.JUnit4TestLoader -loaderpluginname org.eclipse.jdt.junit4.runtime -classNames managersTest.LoginManagerTest
java_class_path (initial): C:\Users\diletta\Desktop\progetto\DreamEJB\build\classes;C:\Users\diletta\Downloads\eclipselink-2.7.9.v20210604-2c549e2208\eclipselink\jlib\eclipselink.jar;C:\Users\diletta\Downloads\eclipselink-2.7.9.v20210604-2c549e2208\eclipselink\jlib\jpa\jakarta.persistence.source_2.2.3.jar;C:\Users\diletta\Downloads\eclipselink-2.7.9.v20210604-2c549e2208\eclipselink\jlib\jpa\jakarta.persistence_2.2.3.jar;C:\Users\diletta\Downloads\eclipselink-2.7.9.v20210604-2c549e2208\eclipselink\jlib\jpa\org.eclipse.persistence.jpa.modelgen.source_2.7.9.v20210604-2c549e2208.jar;C:\Users\diletta\Downloads\eclipselink-2.7.9.v20210604-2c549e2208\eclipselink\jlib\jpa\org.eclipse.persistence.jpa.modelgen_2.7.9.v20210604-2c549e2208.jar;C:\Users\diletta\Downloads\eclipselink-2.7.9.v20210604-2c549e2208\eclipselink\jlib\jpa\org.eclipse.persistence.jpars.source_2.7.9.v20210604-2c549e2208.jar;C:\Users\diletta\Downloads\eclipselink-2.7.9.v20210604-2c549e2208\eclipselink\jlib\jpa\org.eclipse.persistence.jpars_2.7.9.v20210604-2c549e2208.jar;C:\apache-tomee-plume-8.0.8\lib\activemq-broker-5.16.1.jar;C:\apache-tomee-plume-8.0.8\lib\activemq-client-5.16.1.jar;C:\apache-tomee-plume-8.0.8\lib\activemq-jdbc-store-5.16.1.jar;C:\apache-tomee-plume-8.0.8\lib\activemq-kahadb-store-5.16.1.jar;C:\apache-tomee-plume-8.0.8\lib\activemq-openwire-legacy-5.16.1.jar;C:\apache-tomee-plume-8.0.8\lib\activemq-protobuf-1.1.jar;C:\apache-tomee-plume-8.0.8\lib\activemq-ra-5.16.1.jar;C:\apache-tomee-plume-8.0.8\lib\bcprov-jdk15on-1.69.jar;C:\apache-tomee-plume-8.0.8\lib\bval-jsr-2.0.5.jar;C:\apache-tomee-plume-8.0.8\lib\catalina-ant.jar;C:\apache-tomee-plume-8.0.8\lib\catalina-ha.jar;C:\apache-tomee-plume-8.0.8\lib\catalina-ssi.jar;C:\apache-tomee-plume-8.0.8\lib\catalina-storeconfig.jar;C:\apache-tomee-plume-8.0.8\lib\catalina-tribes.jar;C:\apache-tomee-plume-8.0.8\lib\catalina.jar;C:\apache-tomee-plume-8.0.8\lib\commonj.sdo-2.1.1.jar;C:\apache-tomee-plume-8.0.8\lib\commons-beanutils-1.9.4.jar;C:\apa
Launcher Type: SUN_STANDARD

[Global flags]
     intx CICompilerCount                          = 3                                         {product} {ergonomic}
     uint ConcGCThreads                            = 1                                         {product} {ergonomic}
     uint G1ConcRefinementThreads                  = 4                                         {product} {ergonomic}
   size_t G1HeapRegionSize                         = 1048576                                   {product} {ergonomic}
    uintx GCDrainStackTargetSize                   = 64                                        {product} {ergonomic}
   size_t InitialHeapSize                          = 67108864                                  {product} {ergonomic}
   size_t MarkStackSize                            = 4194304                                   {product} {ergonomic}
   size_t MaxHeapSize                              = 1050673152                                {product} {ergonomic}
   size_t MaxNewSize                               = 630194176                                 {product} {ergonomic}
   size_t MinHeapDeltaBytes                        = 1048576                                   {product} {ergonomic}
   size_t MinHeapSize                              = 8388608                                   {product} {ergonomic}
    uintx NonNMethodCodeHeapSize                   = 5832780                                {pd product} {ergonomic}
    uintx NonProfiledCodeHeapSize                  = 122912730                              {pd product} {ergonomic}
    uintx ProfiledCodeHeapSize                     = 122912730                              {pd product} {ergonomic}
    uintx ReservedCodeCacheSize                    = 251658240                              {pd product} {ergonomic}
     bool SegmentedCodeCache                       = true                                      {product} {ergonomic}
     bool ShowCodeDetailsInExceptionMessages       = true                                   {manageable} {command line}
   size_t SoftMaxHeapSize                          = 1050673152                             {manageable} {ergonomic}
     bool UseCompressedClassPointers               = true                           {product lp64_product} {ergonomic}
     bool UseCompressedOops                        = true                           {product lp64_product} {ergonomic}
     bool UseG1GC                                  = true                                      {product} {ergonomic}
     bool UseLargePagesIndividualAllocation        = false                                  {pd product} {ergonomic}

Logging:
Log output configuration:
 #0: stdout all=warning uptime,level,tags
 #1: stderr all=off uptime,level,tags

Environment Variables:
JAVA_HOME=C:\Program Files\Java\jdk-16.0.2
CLASSPATH=.;C:\Program Files\Java\jdk-16.0.2\lib;C:\Program Files\Java\jdk-16.0.2\jre\lib;
PATH=C:/Users/diletta/Desktop/eclipse-jee-2021-09-R-win32-x86_64/eclipse//plugins/org.eclipse.justj.openjdk.hotspot.jre.full.win32.x86_64_16.0.2.v20210721-1149/jre/bin/server;C:/Users/diletta/Desktop/eclipse-jee-2021-09-R-win32-x86_64/eclipse//plugins/org.eclipse.justj.openjdk.hotspot.jre.full.win32.x86_64_16.0.2.v20210721-1149/jre/bin;C:\Program Files\Common Files\Oracle\Java\javapath;C:\Program Files (x86)\Intel\iCLS Client\;C:\Program Files\Intel\iCLS Client\;C:\Windows\system32;C:\Windows;C:\Windows\System32\Wbem;C:\Windows\System32\WindowsPowerShell\v1.0\;C:\Windows\System32\OpenSSH\;C:\Program Files\Git\cmd;C:\Program Files\MySQL\MySQL Shell 8.0\bin\;C:\Users\diletta\AppData\Local\Microsoft\WindowsApps;C:\Program Files\JetBrains\IntelliJ IDEA Community Edition 2020.3.2\bin;;C:\Program Files\Java\jdk-16.0.2\bin;;C:\Users\diletta\Desktop\eclipse-jee-2021-09-R-win32-x86_64\eclipse;
USERNAME=diletta
OS=Windows_NT
PROCESSOR_IDENTIFIER=Intel64 Family 6 Model 69 Stepping 1, GenuineIntel



---------------  S Y S T E M  ---------------

OS:
 Windows 10 , 64 bit Build 19041 (10.0.19041.1466)
OS uptime: 0 days 3:17 hours

CPU: total 4 (initial active 4) (2 cores per cpu, 2 threads per core) family 6 model 69 stepping 1 microcode 0x26, cx8, cmov, fxsr, ht, mmx, sse, sse2, sse3, ssse3, sse4.1, sse4.2, popcnt, lzcnt, tsc, tscinvbit, avx, avx2, aes, erms, clmul, bmi1, bmi2, fma, vzeroupper, clflush

Memory: 4k page, system-wide physical 4004M (536M free)
TotalPageFile size 8356M (AvailPageFile size 1994M)
current process WorkingSet (physical memory assigned to process): 182M, peak: 267M
current process commit charge ("private bytes"): 224M, peak: 304M

vm_info: Java HotSpot(TM) 64-Bit Server VM (16.0.2+7-67) for windows-amd64 JRE (16.0.2+7-67), built on Jun  8 2021 23:24:19 by "mach5one" with MS VC++ 16.7 (VS2019)

END.
