#
# A fatal error has been detected by the Java Runtime Environment:
#
#  EXCEPTION_ACCESS_VIOLATION (0xc0000005) at pc=0x00007ffc6c1bc160, pid=8108, tid=5768
#
# JRE version: Java(TM) SE Runtime Environment (16.0.2+7) (build 16.0.2+7-67)
# Java VM: Java HotSpot(TM) 64-Bit Server VM (16.0.2+7-67, mixed mode, sharing, tiered, compressed oops, compressed class ptrs, g1 gc, windows-amd64)
# Problematic frame:
# V  [jvm.dll+0xc160]
#
# No core dump will be written. Minidumps are not enabled by default on client versions of Windows
#
# If you would like to submit a bug report, please visit:
#   https://bugreport.java.com/bugreport/crash.jsp
#

---------------  S U M M A R Y ------------

Command Line: -XX:+ShowCodeDetailsInExceptionMessages -agentlib:jdwp=transport=dt_socket,suspend=y,address=localhost:51540 -ea -javaagent:C:\Users\diletta\Desktop\eclipse-jee-2021-09-R-win32-x86_64\eclipse\configuration\org.eclipse.osgi\415\0\.cp\lib\javaagent-shaded.jar -Dfile.encoding=Cp1252 org.eclipse.jdt.internal.junit.runner.RemoteTestRunner -version 3 -port 51539 -testLoaderClass org.eclipse.jdt.internal.junit4.runner.JUnit4TestLoader -loaderpluginname org.eclipse.jdt.junit4.runtime -classNames managersTest.LoginManagerTest

Host: Intel(R) Core(TM) i5-4258U CPU @ 2.40GHz, 4 cores, 3G,  Windows 10 , 64 bit Build 19041 (10.0.19041.1466)
Time: Sat Feb  5 13:23:01 2022 ora solare Europa occidentale elapsed time: 21.213294 seconds (0d 0h 0m 21s)

---------------  T H R E A D  ---------------

Current thread (0x000001f1e83a4440):  JavaThread "main" [_thread_in_vm, id=5768, stack(0x000000bae3c00000,0x000000bae3d00000)]

Stack: [0x000000bae3c00000,0x000000bae3d00000],  sp=0x000000bae3cfc808,  free space=1010k
Native frames: (J=compiled Java code, j=interpreted, Vv=VM code, C=native code)
V  [jvm.dll+0xc160]

Java frames: (J=compiled Java code, j=interpreted, Vv=VM code)
J 2082  jdk.internal.misc.Unsafe.allocateInstance(Ljava/lang/Class;)Ljava/lang/Object; java.base@16.0.2 (0 bytes) @ 0x000001f1f76c749f [0x000001f1f76c7440+0x000000000000005f]
j  sun.misc.Unsafe.allocateInstance(Ljava/lang/Class;)Ljava/lang/Object;+4 jdk.unsupported@16.0.2
v  ~StubRoutines::call_stub
J 3863  jdk.internal.reflect.NativeMethodAccessorImpl.invoke0(Ljava/lang/reflect/Method;Ljava/lang/Object;[Ljava/lang/Object;)Ljava/lang/Object; java.base@16.0.2 (0 bytes) @ 0x000001f1f78c3e4f [0x000001f1f78c3dc0+0x000000000000008f]
J 3862 c1 jdk.internal.reflect.NativeMethodAccessorImpl.invoke(Ljava/lang/Object;[Ljava/lang/Object;)Ljava/lang/Object; java.base@16.0.2 (150 bytes) @ 0x000001f1f0868be4 [0x000001f1f0867fc0+0x0000000000000c24]
J 2881 c1 jdk.internal.reflect.DelegatingMethodAccessorImpl.invoke(Ljava/lang/Object;[Ljava/lang/Object;)Ljava/lang/Object; java.base@16.0.2 (10 bytes) @ 0x000001f1f0673fe4 [0x000001f1f0673ec0+0x0000000000000124]
J 2880 c1 java.lang.reflect.Method.invoke(Ljava/lang/Object;[Ljava/lang/Object;)Ljava/lang/Object; java.base@16.0.2 (65 bytes) @ 0x000001f1f0673264 [0x000001f1f0672f00+0x0000000000000364]
j  org.apache.openejb.util.proxy.LocalBeanProxyFactory$Unsafe.allocateInstance(Ljava/lang/Class;)Ljava/lang/Object;+14
j  org.apache.openejb.util.proxy.LocalBeanProxyFactory.constructProxy(Ljava/lang/Class;Ljava/lang/reflect/InvocationHandler;)Ljava/lang/Object;+1
j  org.apache.openejb.core.ivm.EjbHomeProxyHandler.createProxy(Ljava/lang/Object;Ljava/lang/Class;)Ljava/lang/Object;+88
j  org.apache.openejb.core.ivm.EjbHomeProxyHandler.create(Ljava/lang/Class;Ljava/lang/reflect/Method;[Ljava/lang/Object;Ljava/lang/Object;)Ljava/lang/Object;+165
j  org.apache.openejb.core.ivm.EjbHomeProxyHandler._invoke(Ljava/lang/Object;Ljava/lang/Class;Ljava/lang/reflect/Method;[Ljava/lang/Object;)Ljava/lang/Object;+138
j  org.apache.openejb.core.ivm.BaseEjbProxyHandler.invoke(Ljava/lang/Object;Ljava/lang/reflect/Method;[Ljava/lang/Object;)Ljava/lang/Object;+579
j  jdk.proxy2.$Proxy46.create()Ljava/lang/Object;+9 jdk.proxy2
j  org.apache.openejb.core.ivm.naming.BusinessLocalBeanReference.getObject()Ljava/lang/Object;+4
j  org.apache.openejb.core.ivm.naming.IvmContext.lookup(Ljava/lang/String;)Ljava/lang/Object;+364
j  org.apache.xbean.naming.context.ContextFlyweight.lookup(Ljava/lang/String;)Ljava/lang/Object;+9
v  ~StubRoutines::call_stub
j  managersTest.LoginManagerTest.test()V+0
v  ~StubRoutines::call_stub
J 3863  jdk.internal.reflect.NativeMethodAccessorImpl.invoke0(Ljava/lang/reflect/Method;Ljava/lang/Object;[Ljava/lang/Object;)Ljava/lang/Object; java.base@16.0.2 (0 bytes) @ 0x000001f1f78c3e4f [0x000001f1f78c3dc0+0x000000000000008f]
J 3862 c1 jdk.internal.reflect.NativeMethodAccessorImpl.invoke(Ljava/lang/Object;[Ljava/lang/Object;)Ljava/lang/Object; java.base@16.0.2 (150 bytes) @ 0x000001f1f0868be4 [0x000001f1f0867fc0+0x0000000000000c24]
J 2881 c1 jdk.internal.reflect.DelegatingMethodAccessorImpl.invoke(Ljava/lang/Object;[Ljava/lang/Object;)Ljava/lang/Object; java.base@16.0.2 (10 bytes) @ 0x000001f1f0673fe4 [0x000001f1f0673ec0+0x0000000000000124]
J 2880 c1 java.lang.reflect.Method.invoke(Ljava/lang/Object;[Ljava/lang/Object;)Ljava/lang/Object; java.base@16.0.2 (65 bytes) @ 0x000001f1f0673264 [0x000001f1f0672f00+0x0000000000000364]
j  org.junit.runners.model.FrameworkMethod$1.runReflectiveCall()Ljava/lang/Object;+15
j  org.junit.internal.runners.model.ReflectiveCallable.run()Ljava/lang/Object;+1
j  org.junit.runners.model.FrameworkMethod.invokeExplosively(Ljava/lang/Object;[Ljava/lang/Object;)Ljava/lang/Object;+10
j  org.junit.internal.runners.statements.InvokeMethod.evaluate()V+12
j  org.junit.internal.runners.statements.RunBefores.evaluate()V+41
j  org.junit.internal.runners.statements.RunAfters.evaluate()V+12
j  org.junit.runners.ParentRunner$3.evaluate()V+4
j  org.junit.runners.BlockJUnit4ClassRunner$1.evaluate()V+11
j  org.junit.runners.ParentRunner.runLeaf(Lorg/junit/runners/model/Statement;Lorg/junit/runner/Description;Lorg/junit/runner/notification/RunNotifier;)V+17
j  org.junit.runners.BlockJUnit4ClassRunner.runChild(Lorg/junit/runners/model/FrameworkMethod;Lorg/junit/runner/notification/RunNotifier;)V+38
j  org.junit.runners.BlockJUnit4ClassRunner.runChild(Ljava/lang/Object;Lorg/junit/runner/notification/RunNotifier;)V+6
j  org.junit.runners.ParentRunner$4.run()V+12
j  org.junit.runners.ParentRunner$1.schedule(Ljava/lang/Runnable;)V+1
j  org.junit.runners.ParentRunner.runChildren(Lorg/junit/runner/notification/RunNotifier;)V+44
j  org.junit.runners.ParentRunner.access$100(Lorg/junit/runners/ParentRunner;Lorg/junit/runner/notification/RunNotifier;)V+2
j  org.junit.runners.ParentRunner$2.evaluate()V+8
j  org.junit.runners.ParentRunner$3.evaluate()V+4
j  org.junit.runners.ParentRunner.run(Lorg/junit/runner/notification/RunNotifier;)V+24
j  org.eclipse.jdt.internal.junit4.runner.JUnit4TestReference.run(Lorg/eclipse/jdt/internal/junit/runner/TestExecution;)V+72
j  org.eclipse.jdt.internal.junit.runner.TestExecution.run([Lorg/eclipse/jdt/internal/junit/runner/ITestReference;)V+27
j  org.eclipse.jdt.internal.junit.runner.RemoteTestRunner.runTests([Ljava/lang/String;Ljava/lang/String;Lorg/eclipse/jdt/internal/junit/runner/TestExecution;)V+62
j  org.eclipse.jdt.internal.junit.runner.RemoteTestRunner.runTests(Lorg/eclipse/jdt/internal/junit/runner/TestExecution;)V+10
j  org.eclipse.jdt.internal.junit.runner.RemoteTestRunner.run()V+70
j  org.eclipse.jdt.internal.junit.runner.RemoteTestRunner.main([Ljava/lang/String;)V+14
v  ~StubRoutines::call_stub

siginfo: EXCEPTION_ACCESS_VIOLATION (0xc0000005), reading address 0x0000000000000000


Register to memory mapping:

RIP=0x00007ffc6c1bc160 jvm.dll
RAX=0x0 is NULL
RBX=0x000001f1e83a4440 is a thread
RCX=0x0 is NULL
RDX=0x000000bae3cfc880 is pointing into the stack for thread: 0x000001f1e83a4440
RSP=0x000000bae3cfc808 is pointing into the stack for thread: 0x000001f1e83a4440
RBP=0x000000bae3cfc8c0 is pointing into the stack for thread: 0x000001f1e83a4440
RSI=0x0 is NULL
RDI=0x0 is NULL
R8 =0x0 is NULL
R9 =0x0000000000000008 is an unknown value
R10=0x00007ffc6c9500a0 jvm.dll
R11=0x000001f1f76c7468 is at entry_point+40 in (nmethod*)0x000001f1f76c7290
R12=0x0 is NULL
R13=0x000000bae3cfc8e0 is pointing into the stack for thread: 0x000001f1e83a4440
R14=0x000000bae3cfc950 is pointing into the stack for thread: 0x000001f1e83a4440
R15=0x000001f1e83a4440 is a thread


Registers:
RAX=0x0000000000000000, RBX=0x000001f1e83a4440, RCX=0x0000000000000000, RDX=0x000000bae3cfc880
RSP=0x000000bae3cfc808, RBP=0x000000bae3cfc8c0, RSI=0x0000000000000000, RDI=0x0000000000000000
R8 =0x0000000000000000, R9 =0x0000000000000008, R10=0x00007ffc6c9500a0, R11=0x000001f1f76c7468
R12=0x0000000000000000, R13=0x000000bae3cfc8e0, R14=0x000000bae3cfc950, R15=0x000001f1e83a4440
RIP=0x00007ffc6c1bc160, EFLAGS=0x0000000000010246

Top of Stack: (sp=0x000000bae3cfc808)
0x000000bae3cfc808:   00007ffc6c950142 0000000000000000
0x000000bae3cfc818:   000001f1e83a4440 000001f1e83a4440
0x000000bae3cfc828:   00000000c1b74b50 000000bae3cfce10
0x000000bae3cfc838:   00007ffc6c7c90c9 3ff0000000000000
0x000000bae3cfc848:   000000bae3cfce10 00000008003e12f8
0x000000bae3cfc858:   000001f1f76c753b 000001f19024f320
0x000000bae3cfc868:   0000000000000002 000000bae3cfc950
0x000000bae3cfc878:   00007ffc6c3eadcf 00000000c170a5c8
0x000000bae3cfc888:   0000000000000000 000000bae3cfc950
0x000000bae3cfc898:   000000bae3cfce10 000000bae3cfc938
0x000000bae3cfc8a8:   000001f1efb3684c 000000bae3cfc938
0x000000bae3cfc8b8:   00000000000000b6 000000bae3cfc938
0x000000bae3cfc8c8:   000001f1efb1a440 00000000000000b9
0x000000bae3cfc8d8:   000001f1efb1a440 0000000000000000
0x000000bae3cfc8e8:   00000000c170a5c8 000000bae3cfc8f0
0x000000bae3cfc8f8:   000001f19024f2ec 000000bae3cfc950 

Instructions: (pc=0x00007ffc6c1bc160)
0x00007ffc6c1bc060:   bc cf a5 00 48 83 c4 20 5b 48 ff e0 48 8d 05 ed
0x00007ffc6c1bc070:   00 00 00 48 8b cb 48 89 05 a3 cf a5 00 48 83 c4
0x00007ffc6c1bc080:   20 5b 48 ff e0 48 8d 05 d4 00 00 00 48 8b cb 48
0x00007ffc6c1bc090:   89 05 8a cf a5 00 48 83 c4 20 5b 48 ff e0 48 8b
0x00007ffc6c1bc0a0:   0d 1b b0 ab 00 8b 51 10 83 ea 01 0f 84 8b 00 00
0x00007ffc6c1bc0b0:   00 83 ea 01 74 6d 83 ea 01 74 4f 83 fa 01 74 31
0x00007ffc6c1bc0c0:   4c 8d 05 81 ba 81 00 ba e8 00 00 00 48 8d 0d ad
0x00007ffc6c1bc0d0:   ba 81 00 e8 58 68 23 00 e8 63 bc 65 00 33 c0 48
0x00007ffc6c1bc0e0:   8b cb 48 89 05 37 cf a5 00 48 83 c4 20 5b 48 ff
0x00007ffc6c1bc0f0:   e0 48 8d 05 78 00 00 00 48 8b cb 48 89 05 1e cf
0x00007ffc6c1bc100:   a5 00 48 83 c4 20 5b 48 ff e0 48 8d 05 4f 00 00
0x00007ffc6c1bc110:   00 48 8b cb 48 89 05 05 cf a5 00 48 83 c4 20 5b
0x00007ffc6c1bc120:   48 ff e0 48 8d 05 36 00 00 00 48 8b cb 48 89 05
0x00007ffc6c1bc130:   ec ce a5 00 48 83 c4 20 5b 48 ff e0 48 8d 05 1d
0x00007ffc6c1bc140:   00 00 00 48 8b cb 48 89 05 d3 ce a5 00 48 83 c4
0x00007ffc6c1bc150:   20 5b 48 ff e0 cc cc cc cc cc cc cc cc cc cc cc
0x00007ffc6c1bc160:   48 8b 01 c3 cc cc cc cc cc cc cc cc cc cc cc cc
0x00007ffc6c1bc170:   48 89 5c 24 08 57 48 83 ec 20 48 8b 39 48 8b d9
0x00007ffc6c1bc180:   48 85 3d a1 7c b0 00 75 0e 48 8b c7 48 8b 5c 24
0x00007ffc6c1bc190:   30 48 83 c4 20 5f c3 48 8b cf e8 41 f1 7e 00 48
0x00007ffc6c1bc1a0:   8b d0 48 85 c0 74 20 48 8b c7 f0 48 0f b1 13 74
0x00007ffc6c1bc1b0:   16 48 85 05 70 7c b0 00 74 0d 48 8b c8 f0 48 0f
0x00007ffc6c1bc1c0:   b1 13 48 3b c1 75 ea 48 8b 5c 24 30 48 8b c2 48
0x00007ffc6c1bc1d0:   83 c4 20 5f c3 cc cc cc cc cc cc cc cc cc cc cc
0x00007ffc6c1bc1e0:   8b 44 24 30 45 03 c9 44 2b 4c 24 28 83 c0 0b 44
0x00007ffc6c1bc1f0:   03 ca 45 03 c8 41 03 c1 c3 cc cc cc cc cc cc cc
0x00007ffc6c1bc200:   48 8b 41 08 0f b7 48 32 0f b7 40 30 83 c0 48 03
0x00007ffc6c1bc210:   c1 c3 cc cc cc cc cc cc cc cc cc cc cc cc cc cc
0x00007ffc6c1bc220:   48 89 5c 24 08 57 48 83 ec 20 0f b6 05 ff 83 b0
0x00007ffc6c1bc230:   00 48 8b fa 48 8b d9 84 c0 74 4f 48 85 15 e6 7b
0x00007ffc6c1bc240:   b0 00 74 38 48 8b ca e8 f4 f6 7e 00 48 8b d0 48
0x00007ffc6c1bc250:   85 db 74 25 48 85 c0 74 20 48 8b c7 f0 48 0f b1 


Stack slot to memory mapping:
stack at sp + 0 slots: 0x00007ffc6c950142 jvm.dll
stack at sp + 1 slots: 0x0 is NULL
stack at sp + 2 slots: 0x000001f1e83a4440 is a thread
stack at sp + 3 slots: 0x000001f1e83a4440 is a thread
stack at sp + 4 slots: 0x00000000c1b74b50 is an oop: jdk.internal.reflect.ReflectionFactory 
{0x00000000c1b74b50} - klass: 'jdk/internal/reflect/ReflectionFactory'
stack at sp + 5 slots: 0x000000bae3cfce10 is pointing into the stack for thread: 0x000001f1e83a4440
stack at sp + 6 slots: 0x00007ffc6c7c90c9 jvm.dll
stack at sp + 7 slots: 0x3ff0000000000000 is an unknown value


---------------  P R O C E S S  ---------------

Threads class SMR info:
_java_thread_list=0x000001f185af4c30, length=20, elements={
0x000001f1e83a4440, 0x000001f1e84623c0, 0x000001f1e8462f90, 0x000001f1ff565c90,
0x000001f1ff5675b0, 0x000001f1ff567ec0, 0x000001f1ff5687d0, 0x000001f1ff56b4d0,
0x000001f1ff581fe0, 0x000001f1ff594d40, 0x000001f184a9e620, 0x000001f184b7dd50,
0x000001f184b7fa60, 0x000001f184b803b0, 0x000001f1853d4750, 0x000001f1858ffae0,
0x000001f185960240, 0x000001f1881c17c0, 0x000001f188a9e980, 0x000001f188a9e430
}

Java Threads: ( => current thread )
=>0x000001f1e83a4440 JavaThread "main" [_thread_in_vm, id=5768, stack(0x000000bae3c00000,0x000000bae3d00000)]
  0x000001f1e84623c0 JavaThread "Reference Handler" daemon [_thread_blocked, id=8000, stack(0x000000bae4300000,0x000000bae4400000)]
  0x000001f1e8462f90 JavaThread "Finalizer" daemon [_thread_blocked, id=10172, stack(0x000000bae4400000,0x000000bae4500000)]
  0x000001f1ff565c90 JavaThread "Signal Dispatcher" daemon [_thread_blocked, id=8120, stack(0x000000bae4500000,0x000000bae4600000)]
  0x000001f1ff5675b0 JavaThread "Attach Listener" daemon [_thread_blocked, id=7704, stack(0x000000bae4600000,0x000000bae4700000)]
  0x000001f1ff567ec0 JavaThread "Service Thread" daemon [_thread_blocked, id=10396, stack(0x000000bae4700000,0x000000bae4800000)]
  0x000001f1ff5687d0 JavaThread "Monitor Deflation Thread" daemon [_thread_blocked, id=10064, stack(0x000000bae4800000,0x000000bae4900000)]
  0x000001f1ff56b4d0 JavaThread "C2 CompilerThread0" daemon [_thread_blocked, id=11532, stack(0x000000bae4900000,0x000000bae4a00000)]
  0x000001f1ff581fe0 JavaThread "C1 CompilerThread0" daemon [_thread_blocked, id=1840, stack(0x000000bae4a00000,0x000000bae4b00000)]
  0x000001f1ff594d40 JavaThread "Sweeper thread" daemon [_thread_blocked, id=236, stack(0x000000bae4b00000,0x000000bae4c00000)]
  0x000001f184a9e620 JavaThread "Common-Cleaner" daemon [_thread_blocked, id=7604, stack(0x000000bae4c00000,0x000000bae4d00000)]
  0x000001f184b7dd50 JavaThread "JDWP Transport Listener: dt_socket" daemon [_thread_blocked, id=8628, stack(0x000000bae4d00000,0x000000bae4e00000)]
  0x000001f184b7fa60 JavaThread "JDWP Event Helper Thread" daemon [_thread_blocked, id=4908, stack(0x000000bae4e00000,0x000000bae4f00000)]
  0x000001f184b803b0 JavaThread "JDWP Command Reader" daemon [_thread_in_native, id=4592, stack(0x000000bae4f00000,0x000000bae5000000)]
  0x000001f1853d4750 JavaThread "Notification Thread" daemon [_thread_blocked, id=7032, stack(0x000000bae5300000,0x000000bae5400000)]
  0x000001f1858ffae0 JavaThread "ReaderThread" [_thread_in_native, id=6644, stack(0x000000bae5600000,0x000000bae5700000)]
  0x000001f185960240 JavaThread "LogStreamAsync.Thread" daemon [_thread_blocked, id=3012, stack(0x000000bae5500000,0x000000bae5600000)]
  0x000001f1881c17c0 JavaThread "RetryTimer" daemon [_thread_blocked, id=5292, stack(0x000000bae5800000,0x000000bae5900000)]
  0x000001f188a9e980 JavaThread "mysql-cj-abandoned-connection-cleanup" daemon [_thread_blocked, id=10436, stack(0x000000bae5900000,0x000000bae5a00000)]
  0x000001f188a9e430 JavaThread "Default Stateless Container - 1" daemon [_thread_blocked, id=2196, stack(0x000000bae5a00000,0x000000bae5b00000)]

Other Threads:
  0x000001f1e845e960 VMThread "VM Thread" [stack: 0x000000bae4200000,0x000000bae4300000] [id=9168]
  0x000001f1854039f0 WatcherThread [stack: 0x000000bae5400000,0x000000bae5500000] [id=9708]
  0x000001f1e83d3d00 GCTaskThread "GC Thread#0" [stack: 0x000000bae3d00000,0x000000bae3e00000] [id=8016]
  0x000001f184b32ac0 GCTaskThread "GC Thread#1" [stack: 0x000000bae5000000,0x000000bae5100000] [id=4612]
  0x000001f185102d40 GCTaskThread "GC Thread#2" [stack: 0x000000bae5100000,0x000000bae5200000] [id=3692]
  0x000001f185103050 GCTaskThread "GC Thread#3" [stack: 0x000000bae5200000,0x000000bae5300000] [id=3696]
  0x000001f1e83dd230 ConcurrentGCThread "G1 Main Marker" [stack: 0x000000bae3e00000,0x000000bae3f00000] [id=3400]
  0x000001f1e83dec40 ConcurrentGCThread "G1 Conc#0" [stack: 0x000000bae3f00000,0x000000bae4000000] [id=10684]
  0x000001f1e842d5d0 ConcurrentGCThread "G1 Refine#0" [stack: 0x000000bae4000000,0x000000bae4100000] [id=2116]
  0x000001f1e8430e80 ConcurrentGCThread "G1 Service" [stack: 0x000000bae4100000,0x000000bae4200000] [id=4356]

Threads with active compile tasks:

VM state: not at safepoint (normal execution)

VM Mutex/Monitor currently owned by a thread: None

Heap address: 0x00000000c1600000, size: 1002 MB, Compressed Oops mode: 32-bit

CDS archive(s) mapped at: [0x0000000800000000-0x0000000800bb0000-0x0000000800bb0000), size 12255232, SharedBaseAddress: 0x0000000800000000, ArchiveRelocationMode: 0.
Compressed class space mapped at: 0x0000000800c00000-0x0000000840c00000, reserved size: 1073741824
Narrow klass base: 0x0000000800000000, Narrow klass shift: 3, Narrow klass range: 0x100000000

GC Precious Log:
 CPUs: 4 total, 4 available
 Memory: 4004M
 Large Page Support: Disabled
 NUMA Support: Disabled
 Compressed Oops: Enabled (32-bit)
 Heap Region Size: 1M
 Heap Min Capacity: 8M
 Heap Initial Capacity: 64M
 Heap Max Capacity: 1002M
 Pre-touch: Disabled
 Parallel Workers: 4
 Concurrent Workers: 1
 Concurrent Refinement Workers: 4
 Periodic GC: Disabled

Heap:
 garbage-first heap   total 78848K, used 54230K [0x00000000c1600000, 0x0000000100000000)
  region size 1024K, 36 young (36864K), 4 survivors (4096K)
 Metaspace       used 41675K, committed 41984K, reserved 1089536K
  class space    used 4729K, committed 4928K, reserved 1048576K

Heap Regions: E=young(eden), S=young(survivor), O=old, HS=humongous(starts), HC=humongous(continues), CS=collection set, F=free, OA=open archive, CA=closed archive, TAMS=top-at-mark-start (previous, next)
|   0|0x00000000c1600000, 0x00000000c1700000, 0x00000000c1700000|100%|HS|  |TAMS 0x00000000c1700000, 0x00000000c1600000| Complete 
|   1|0x00000000c1700000, 0x00000000c1800000, 0x00000000c1800000|100%| O|  |TAMS 0x00000000c1800000, 0x00000000c1700000| Untracked 
|   2|0x00000000c1800000, 0x00000000c1900000, 0x00000000c1900000|100%|HS|  |TAMS 0x00000000c1900000, 0x00000000c1800000| Complete 
|   3|0x00000000c1900000, 0x00000000c1a00000, 0x00000000c1a00000|100%| O|  |TAMS 0x00000000c1a00000, 0x00000000c1900000| Untracked 
|   4|0x00000000c1a00000, 0x00000000c1b00000, 0x00000000c1b00000|100%| O|  |TAMS 0x00000000c1b00000, 0x00000000c1a00000| Untracked 
|   5|0x00000000c1b00000, 0x00000000c1c00000, 0x00000000c1c00000|100%| O|  |TAMS 0x00000000c1c00000, 0x00000000c1b00000| Untracked 
|   6|0x00000000c1c00000, 0x00000000c1d00000, 0x00000000c1d00000|100%| O|  |TAMS 0x00000000c1d00000, 0x00000000c1c00000| Untracked 
|   7|0x00000000c1d00000, 0x00000000c1e00000, 0x00000000c1e00000|100%| O|  |TAMS 0x00000000c1e00000, 0x00000000c1d00000| Untracked 
|   8|0x00000000c1e00000, 0x00000000c1f00000, 0x00000000c1f00000|100%| O|  |TAMS 0x00000000c1f00000, 0x00000000c1e00000| Untracked 
|   9|0x00000000c1f00000, 0x00000000c2000000, 0x00000000c2000000|100%| O|  |TAMS 0x00000000c2000000, 0x00000000c1f00000| Untracked 
|  10|0x00000000c2000000, 0x00000000c2100000, 0x00000000c2100000|100%| O|  |TAMS 0x00000000c2100000, 0x00000000c2000000| Untracked 
|  11|0x00000000c2100000, 0x00000000c2200000, 0x00000000c2200000|100%| O|  |TAMS 0x00000000c2200000, 0x00000000c2100000| Untracked 
|  12|0x00000000c2200000, 0x00000000c2300000, 0x00000000c2300000|100%| O|  |TAMS 0x00000000c2300000, 0x00000000c2200000| Untracked 
|  13|0x00000000c2300000, 0x00000000c2400000, 0x00000000c2400000|100%| O|  |TAMS 0x00000000c2400000, 0x00000000c2300000| Untracked 
|  14|0x00000000c2400000, 0x00000000c249f400, 0x00000000c2500000| 62%| O|  |TAMS 0x00000000c249f400, 0x00000000c2400000| Untracked 
|  15|0x00000000c2500000, 0x00000000c2600000, 0x00000000c2600000|100%| O|  |TAMS 0x00000000c2600000, 0x00000000c2500000| Untracked 
|  16|0x00000000c2600000, 0x00000000c2700000, 0x00000000c2700000|100%| O|  |TAMS 0x00000000c2700000, 0x00000000c2600000| Untracked 
|  17|0x00000000c2700000, 0x00000000c2800000, 0x00000000c2800000|100%| O|  |TAMS 0x00000000c27acc00, 0x00000000c2700000| Untracked 
|  18|0x00000000c2800000, 0x00000000c28ba400, 0x00000000c2900000| 72%| O|  |TAMS 0x00000000c2800000, 0x00000000c2800000| Untracked 
|  19|0x00000000c2900000, 0x00000000c2900000, 0x00000000c2a00000|  0%| F|  |TAMS 0x00000000c2900000, 0x00000000c2900000| Untracked 
|  20|0x00000000c2a00000, 0x00000000c2a00000, 0x00000000c2b00000|  0%| F|  |TAMS 0x00000000c2a00000, 0x00000000c2a00000| Untracked 
|  21|0x00000000c2b00000, 0x00000000c2b00000, 0x00000000c2c00000|  0%| F|  |TAMS 0x00000000c2b00000, 0x00000000c2b00000| Untracked 
|  22|0x00000000c2c00000, 0x00000000c2c00000, 0x00000000c2d00000|  0%| F|  |TAMS 0x00000000c2c00000, 0x00000000c2c00000| Untracked 
|  23|0x00000000c2d00000, 0x00000000c2d00000, 0x00000000c2e00000|  0%| F|  |TAMS 0x00000000c2d00000, 0x00000000c2d00000| Untracked 
|  24|0x00000000c2e00000, 0x00000000c2e00000, 0x00000000c2f00000|  0%| F|  |TAMS 0x00000000c2e00000, 0x00000000c2e00000| Untracked 
|  25|0x00000000c2f00000, 0x00000000c2f00000, 0x00000000c3000000|  0%| F|  |TAMS 0x00000000c2f00000, 0x00000000c2f00000| Untracked 
|  26|0x00000000c3000000, 0x00000000c3000000, 0x00000000c3100000|  0%| F|  |TAMS 0x00000000c3000000, 0x00000000c3000000| Untracked 
|  27|0x00000000c3100000, 0x00000000c319c0f0, 0x00000000c3200000| 60%| S|CS|TAMS 0x00000000c3100000, 0x00000000c3100000| Complete 
|  28|0x00000000c3200000, 0x00000000c3300000, 0x00000000c3300000|100%| S|CS|TAMS 0x00000000c3200000, 0x00000000c3200000| Complete 
|  29|0x00000000c3300000, 0x00000000c3400000, 0x00000000c3400000|100%| S|CS|TAMS 0x00000000c3300000, 0x00000000c3300000| Complete 
|  30|0x00000000c3400000, 0x00000000c3500000, 0x00000000c3500000|100%| S|CS|TAMS 0x00000000c3400000, 0x00000000c3400000| Complete 
|  31|0x00000000c3500000, 0x00000000c3500000, 0x00000000c3600000|  0%| F|  |TAMS 0x00000000c3500000, 0x00000000c3500000| Untracked 
|  32|0x00000000c3600000, 0x00000000c3600000, 0x00000000c3700000|  0%| F|  |TAMS 0x00000000c3600000, 0x00000000c3600000| Untracked 
|  33|0x00000000c3700000, 0x00000000c3700000, 0x00000000c3800000|  0%| F|  |TAMS 0x00000000c3700000, 0x00000000c3700000| Untracked 
|  34|0x00000000c3800000, 0x00000000c3800000, 0x00000000c3900000|  0%| F|  |TAMS 0x00000000c3800000, 0x00000000c3800000| Untracked 
|  35|0x00000000c3900000, 0x00000000c3900000, 0x00000000c3a00000|  0%| F|  |TAMS 0x00000000c3900000, 0x00000000c3900000| Untracked 
|  36|0x00000000c3a00000, 0x00000000c3a00000, 0x00000000c3b00000|  0%| F|  |TAMS 0x00000000c3a00000, 0x00000000c3a00000| Untracked 
|  37|0x00000000c3b00000, 0x00000000c3b00000, 0x00000000c3c00000|  0%| F|  |TAMS 0x00000000c3b00000, 0x00000000c3b00000| Untracked 
|  38|0x00000000c3c00000, 0x00000000c3c00000, 0x00000000c3d00000|  0%| F|  |TAMS 0x00000000c3c00000, 0x00000000c3c00000| Untracked 
|  39|0x00000000c3d00000, 0x00000000c3d00000, 0x00000000c3e00000|  0%| F|  |TAMS 0x00000000c3d00000, 0x00000000c3d00000| Untracked 
|  40|0x00000000c3e00000, 0x00000000c3e00000, 0x00000000c3f00000|  0%| F|  |TAMS 0x00000000c3e00000, 0x00000000c3e00000| Untracked 
|  41|0x00000000c3f00000, 0x00000000c3f00000, 0x00000000c4000000|  0%| F|  |TAMS 0x00000000c3f00000, 0x00000000c3f00000| Untracked 
|  42|0x00000000c4000000, 0x00000000c4000000, 0x00000000c4100000|  0%| F|  |TAMS 0x00000000c4000000, 0x00000000c4000000| Untracked 
|  43|0x00000000c4100000, 0x00000000c4100000, 0x00000000c4200000|  0%| F|  |TAMS 0x00000000c4100000, 0x00000000c4100000| Untracked 
|  44|0x00000000c4200000, 0x00000000c4200000, 0x00000000c4300000|  0%| F|  |TAMS 0x00000000c4200000, 0x00000000c4200000| Untracked 
|  45|0x00000000c4300000, 0x00000000c43a45a8, 0x00000000c4400000| 64%| E|  |TAMS 0x00000000c4300000, 0x00000000c4300000| Complete 
|  46|0x00000000c4400000, 0x00000000c4500000, 0x00000000c4500000|100%| E|CS|TAMS 0x00000000c4400000, 0x00000000c4400000| Complete 
|  47|0x00000000c4500000, 0x00000000c4600000, 0x00000000c4600000|100%| E|CS|TAMS 0x00000000c4500000, 0x00000000c4500000| Complete 
|  48|0x00000000c4600000, 0x00000000c4700000, 0x00000000c4700000|100%| E|CS|TAMS 0x00000000c4600000, 0x00000000c4600000| Complete 
|  49|0x00000000c4700000, 0x00000000c4800000, 0x00000000c4800000|100%| E|CS|TAMS 0x00000000c4700000, 0x00000000c4700000| Complete 
|  50|0x00000000c4800000, 0x00000000c4900000, 0x00000000c4900000|100%| E|CS|TAMS 0x00000000c4800000, 0x00000000c4800000| Complete 
|  51|0x00000000c4900000, 0x00000000c4a00000, 0x00000000c4a00000|100%| E|CS|TAMS 0x00000000c4900000, 0x00000000c4900000| Complete 
|  52|0x00000000c4a00000, 0x00000000c4b00000, 0x00000000c4b00000|100%| E|CS|TAMS 0x00000000c4a00000, 0x00000000c4a00000| Complete 
|  53|0x00000000c4b00000, 0x00000000c4c00000, 0x00000000c4c00000|100%| E|CS|TAMS 0x00000000c4b00000, 0x00000000c4b00000| Complete 
|  54|0x00000000c4c00000, 0x00000000c4d00000, 0x00000000c4d00000|100%| E|CS|TAMS 0x00000000c4c00000, 0x00000000c4c00000| Complete 
|  55|0x00000000c4d00000, 0x00000000c4e00000, 0x00000000c4e00000|100%| E|CS|TAMS 0x00000000c4d00000, 0x00000000c4d00000| Complete 
|  56|0x00000000c4e00000, 0x00000000c4f00000, 0x00000000c4f00000|100%| E|CS|TAMS 0x00000000c4e00000, 0x00000000c4e00000| Complete 
|  57|0x00000000c4f00000, 0x00000000c5000000, 0x00000000c5000000|100%| E|CS|TAMS 0x00000000c4f00000, 0x00000000c4f00000| Complete 
|  58|0x00000000c5000000, 0x00000000c5100000, 0x00000000c5100000|100%| E|CS|TAMS 0x00000000c5000000, 0x00000000c5000000| Complete 
|  59|0x00000000c5100000, 0x00000000c5200000, 0x00000000c5200000|100%| E|CS|TAMS 0x00000000c5100000, 0x00000000c5100000| Complete 
|  60|0x00000000c5200000, 0x00000000c5300000, 0x00000000c5300000|100%| E|CS|TAMS 0x00000000c5200000, 0x00000000c5200000| Complete 
|  61|0x00000000c5300000, 0x00000000c5400000, 0x00000000c5400000|100%| E|CS|TAMS 0x00000000c5300000, 0x00000000c5300000| Complete 
|  62|0x00000000c5400000, 0x00000000c5500000, 0x00000000c5500000|100%| E|CS|TAMS 0x00000000c5400000, 0x00000000c5400000| Complete 
|  63|0x00000000c5500000, 0x00000000c5600000, 0x00000000c5600000|100%| E|CS|TAMS 0x00000000c5500000, 0x00000000c5500000| Complete 
|  64|0x00000000c5600000, 0x00000000c5700000, 0x00000000c5700000|100%| E|CS|TAMS 0x00000000c5600000, 0x00000000c5600000| Complete 
|  65|0x00000000c5700000, 0x00000000c5800000, 0x00000000c5800000|100%| E|CS|TAMS 0x00000000c5700000, 0x00000000c5700000| Complete 
|  66|0x00000000c5800000, 0x00000000c5900000, 0x00000000c5900000|100%| E|CS|TAMS 0x00000000c5800000, 0x00000000c5800000| Complete 
|  67|0x00000000c5900000, 0x00000000c5a00000, 0x00000000c5a00000|100%| E|CS|TAMS 0x00000000c5900000, 0x00000000c5900000| Complete 
|  68|0x00000000c5a00000, 0x00000000c5b00000, 0x00000000c5b00000|100%| E|CS|TAMS 0x00000000c5a00000, 0x00000000c5a00000| Complete 
|  69|0x00000000c5b00000, 0x00000000c5c00000, 0x00000000c5c00000|100%| E|CS|TAMS 0x00000000c5b00000, 0x00000000c5b00000| Complete 
|  70|0x00000000c5c00000, 0x00000000c5d00000, 0x00000000c5d00000|100%| E|CS|TAMS 0x00000000c5c00000, 0x00000000c5c00000| Complete 
|  71|0x00000000c5d00000, 0x00000000c5e00000, 0x00000000c5e00000|100%| E|CS|TAMS 0x00000000c5d00000, 0x00000000c5d00000| Complete 
|  72|0x00000000c5e00000, 0x00000000c5f00000, 0x00000000c5f00000|100%| E|CS|TAMS 0x00000000c5e00000, 0x00000000c5e00000| Complete 
|  73|0x00000000c5f00000, 0x00000000c6000000, 0x00000000c6000000|100%| E|CS|TAMS 0x00000000c5f00000, 0x00000000c5f00000| Complete 
|  74|0x00000000c6000000, 0x00000000c6100000, 0x00000000c6100000|100%| E|CS|TAMS 0x00000000c6000000, 0x00000000c6000000| Complete 
|  75|0x00000000c6100000, 0x00000000c6200000, 0x00000000c6200000|100%| E|CS|TAMS 0x00000000c6100000, 0x00000000c6100000| Complete 
|  76|0x00000000c6200000, 0x00000000c6300000, 0x00000000c6300000|100%| E|CS|TAMS 0x00000000c6200000, 0x00000000c6200000| Complete 

Card table byte_map: [0x000001f1fed10000,0x000001f1fef10000] _byte_map_base: 0x000001f1fe705000

Marking Bits (Prev, Next): (CMBitMap*) 0x000001f1e83d4300, (CMBitMap*) 0x000001f1e83d4340
 Prev Bits: [0x000001f180000000, 0x000001f180fa8000)
 Next Bits: [0x000001f180fb0000, 0x000001f181f58000)

Polling page: 0x000001f1e6260000

Metaspace:

Usage:
  Non-class:     36.08 MB used.
      Class:      4.62 MB used.
       Both:     40.70 MB used.

Virtual space:
  Non-class space:       40.00 MB reserved,      36.19 MB ( 90%) committed,  5 nodes.
      Class space:        1.00 GB reserved,       4.81 MB ( <1%) committed,  1 nodes.
              Both:        1.04 GB reserved,      41.00 MB (  4%) committed. 

Chunk freelists:
   Non-Class:  3.69 MB
       Class:  3.17 MB
        Both:  6.86 MB

MaxMetaspaceSize: 17179869184.00 GB
CompressedClassSpaceSize: 1.00 GB
 - commit_granule_bytes: 65536.
 - commit_granule_words: 8192.
 - virtual_space_node_default_size: 1048576.
 - enlarge_chunks_in_place: 1.
 - new_chunks_are_fully_committed: 0.
 - uncommit_free_chunks: 1.
 - use_allocation_guard: 0.
 - handle_deallocations: 1.


Internal statistics:

num_allocs_failed_limit: 6.
num_arena_births: 302.
num_arena_deaths: 0.
num_vsnodes_births: 6.
num_vsnodes_deaths: 0.
num_space_committed: 655.
num_space_uncommitted: 0.
num_chunks_returned_to_freelist: 6.
num_chunks_taken_from_freelist: 1567.
num_chunk_merges: 6.
num_chunk_splits: 1158.
num_chunks_enlarged: 933.
num_purges: 0.

CodeHeap 'non-profiled nmethods': size=120000Kb used=3277Kb max_used=3277Kb free=116722Kb
 bounds [0x000001f1f75e0000, 0x000001f1f7920000, 0x000001f1feb10000]
CodeHeap 'profiled nmethods': size=120000Kb used=8652Kb max_used=8652Kb free=111347Kb
 bounds [0x000001f1f00b0000, 0x000001f1f0930000, 0x000001f1f75e0000]
CodeHeap 'non-nmethods': size=5760Kb used=1324Kb max_used=1461Kb free=4435Kb
 bounds [0x000001f1efb10000, 0x000001f1efd80000, 0x000001f1f00b0000]
 total_blobs=4740 nmethods=4180 adapters=472
 compilation: enabled
              stopped_count=0, restarted_count=0
 full_count=0

Compilation events (20 events):
Event: 12.744 Thread 0x000001f1ff581fe0 nmethod 4233 0x000001f1f78d3d90 code [0x000001f1f78d3f20, 0x000001f1f78d3ff8]
Event: 12.767 Thread 0x000001f1ff56b4d0 nmethod 3736 0x000001f1f78d4090 code [0x000001f1f78d4720, 0x000001f1f78ddf50]
Event: 12.768 Thread 0x000001f1ff56b4d0 4191       4       java.util.regex.Matcher::reset (128 bytes)
Event: 12.781 Thread 0x000001f1ff56b4d0 nmethod 4191 0x000001f1f78e3210 code [0x000001f1f78e33c0, 0x000001f1f78e38a8]
Event: 12.781 Thread 0x000001f1ff56b4d0 4139       4       java.util.regex.Pattern$Slice::match (79 bytes)
Event: 12.790 Thread 0x000001f1ff56b4d0 nmethod 4139 0x000001f1f78e3b90 code [0x000001f1f78e3d40, 0x000001f1f78e4228]
Event: 12.790 Thread 0x000001f1ff56b4d0 4212       4       java.util.regex.Pattern$BmpCharProperty::match (55 bytes)
Event: 12.803 Thread 0x000001f1ff56b4d0 nmethod 4212 0x000001f1f78e4590 code [0x000001f1f78e4740, 0x000001f1f78e4aa8]
Event: 12.803 Thread 0x000001f1ff56b4d0 4201       4       java.util.regex.Pattern$Branch::match (66 bytes)
Event: 12.808 Thread 0x000001f1ff56b4d0 nmethod 4201 0x000001f1f78e4d90 code [0x000001f1f78e4f20, 0x000001f1f78e5118]
Event: 12.808 Thread 0x000001f1ff56b4d0 3805       4       java.util.HashMap$KeyIterator::next (8 bytes)
Event: 12.817 Thread 0x000001f1ff56b4d0 nmethod 3805 0x000001f1f78e5290 code [0x000001f1f78e5420, 0x000001f1f78e5878]
Event: 12.817 Thread 0x000001f1ff56b4d0 3827       4       jdk.internal.reflect.ClassFileAssembler::emitByte (11 bytes)
Event: 12.820 Thread 0x000001f1ff56b4d0 nmethod 3827 0x000001f1f78e5a10 code [0x000001f1f78e5bc0, 0x000001f1f78e5dc8]
Event: 12.820 Thread 0x000001f1ff56b4d0 3207       4       jdk.internal.jimage.ImageReader::requireOpen (18 bytes)
Event: 12.821 Thread 0x000001f1ff56b4d0 nmethod 3207 0x000001f1f78e5f90 code [0x000001f1f78e6120, 0x000001f1f78e61b8]
Event: 15.256 Thread 0x000001f1862339f0 nmethod 3706% 0x000001f1f78e6290 code [0x000001f1f78e6c60, 0x000001f1f7907558]
Event: 21.193 Thread 0x000001f1ff581fe0 4234       3       javax.security.jacc.EJBMethodPermission$MethodSpec::implies (71 bytes)
Event: 21.194 Thread 0x000001f1ff581fe0 nmethod 4234 0x000001f1f0922990 code [0x000001f1f0922b80, 0x000001f1f0922f68]
Event: 21.196 Thread 0x000001f1ff56b4d0 4235       4       jdk.internal.org.objectweb.asm.SymbolTable::put (150 bytes)

GC Heap History (20 events):
Event: 6.390 GC heap before
{Heap before GC invocations=8 (full 0):
 garbage-first heap   total 65536K, used 51036K [0x00000000c1600000, 0x0000000100000000)
  region size 1024K, 37 young (37888K), 3 survivors (3072K)
 Metaspace       used 16897K, committed 17216K, reserved 1064960K
  class space    used 1701K, committed 1856K, reserved 1048576K
}
Event: 6.395 GC heap after
{Heap after GC invocations=9 (full 0):
 garbage-first heap   total 65536K, used 16540K [0x00000000c1600000, 0x0000000100000000)
  region size 1024K, 2 young (2048K), 2 survivors (2048K)
 Metaspace       used 16897K, committed 17216K, reserved 1064960K
  class space    used 1701K, committed 1856K, reserved 1048576K
}
Event: 7.005 GC heap before
{Heap before GC invocations=9 (full 0):
 garbage-first heap   total 65536K, used 52380K [0x00000000c1600000, 0x0000000100000000)
  region size 1024K, 37 young (37888K), 2 survivors (2048K)
 Metaspace       used 17041K, committed 17344K, reserved 1064960K
  class space    used 1706K, committed 1856K, reserved 1048576K
}
Event: 7.008 GC heap after
{Heap after GC invocations=10 (full 0):
 garbage-first heap   total 65536K, used 16781K [0x00000000c1600000, 0x0000000100000000)
  region size 1024K, 2 young (2048K), 2 survivors (2048K)
 Metaspace       used 17041K, committed 17344K, reserved 1064960K
  class space    used 1706K, committed 1856K, reserved 1048576K
}
Event: 7.532 GC heap before
{Heap before GC invocations=10 (full 0):
 garbage-first heap   total 65536K, used 53645K [0x00000000c1600000, 0x0000000100000000)
  region size 1024K, 38 young (38912K), 2 survivors (2048K)
 Metaspace       used 17743K, committed 17984K, reserved 1073152K
  class space    used 1791K, committed 1920K, reserved 1048576K
}
Event: 7.535 GC heap after
{Heap after GC invocations=11 (full 0):
 garbage-first heap   total 65536K, used 17012K [0x00000000c1600000, 0x0000000100000000)
  region size 1024K, 2 young (2048K), 2 survivors (2048K)
 Metaspace       used 17743K, committed 17984K, reserved 1073152K
  class space    used 1791K, committed 1920K, reserved 1048576K
}
Event: 8.269 GC heap before
{Heap before GC invocations=11 (full 0):
 garbage-first heap   total 65536K, used 47732K [0x00000000c1600000, 0x0000000100000000)
  region size 1024K, 33 young (33792K), 2 survivors (2048K)
 Metaspace       used 20985K, committed 21248K, reserved 1073152K
  class space    used 2232K, committed 2368K, reserved 1048576K
}
Event: 8.276 GC heap after
{Heap after GC invocations=12 (full 0):
 garbage-first heap   total 65536K, used 17754K [0x00000000c1600000, 0x0000000100000000)
  region size 1024K, 3 young (3072K), 3 survivors (3072K)
 Metaspace       used 20985K, committed 21248K, reserved 1073152K
  class space    used 2232K, committed 2368K, reserved 1048576K
}
Event: 8.883 GC heap before
{Heap before GC invocations=13 (full 0):
 garbage-first heap   total 65536K, used 52570K [0x00000000c1600000, 0x0000000100000000)
  region size 1024K, 38 young (38912K), 3 survivors (3072K)
 Metaspace       used 24543K, committed 24768K, reserved 1073152K
  class space    used 2563K, committed 2688K, reserved 1048576K
}
Event: 8.888 GC heap after
{Heap after GC invocations=14 (full 0):
 garbage-first heap   total 65536K, used 18546K [0x00000000c1600000, 0x0000000100000000)
  region size 1024K, 3 young (3072K), 3 survivors (3072K)
 Metaspace       used 24543K, committed 24768K, reserved 1073152K
  class space    used 2563K, committed 2688K, reserved 1048576K
}
Event: 9.231 GC heap before
{Heap before GC invocations=14 (full 0):
 garbage-first heap   total 65536K, used 52338K [0x00000000c1600000, 0x0000000100000000)
  region size 1024K, 37 young (37888K), 3 survivors (3072K)
 Metaspace       used 27886K, committed 28096K, reserved 1081344K
  class space    used 2930K, committed 3008K, reserved 1048576K
}
Event: 9.236 GC heap after
{Heap after GC invocations=15 (full 0):
 garbage-first heap   total 65536K, used 18761K [0x00000000c1600000, 0x0000000100000000)
  region size 1024K, 3 young (3072K), 3 survivors (3072K)
 Metaspace       used 27886K, committed 28096K, reserved 1081344K
  class space    used 2930K, committed 3008K, reserved 1048576K
}
Event: 9.995 GC heap before
{Heap before GC invocations=15 (full 0):
 garbage-first heap   total 65536K, used 54601K [0x00000000c1600000, 0x0000000100000000)
  region size 1024K, 38 young (38912K), 3 survivors (3072K)
 Metaspace       used 31309K, committed 31552K, reserved 1081344K
  class space    used 3482K, committed 3584K, reserved 1048576K
}
Event: 10.002 GC heap after
{Heap after GC invocations=16 (full 0):
 garbage-first heap   total 65536K, used 20420K [0x00000000c1600000, 0x0000000100000000)
  region size 1024K, 4 young (4096K), 4 survivors (4096K)
 Metaspace       used 31309K, committed 31552K, reserved 1081344K
  class space    used 3482K, committed 3584K, reserved 1048576K
}
Event: 10.953 GC heap before
{Heap before GC invocations=16 (full 0):
 garbage-first heap   total 65536K, used 53188K [0x00000000c1600000, 0x0000000100000000)
  region size 1024K, 36 young (36864K), 4 survivors (4096K)
 Metaspace       used 34360K, committed 34624K, reserved 1081344K
  class space    used 3824K, committed 3968K, reserved 1048576K
}
Event: 10.964 GC heap after
{Heap after GC invocations=17 (full 0):
 garbage-first heap   total 65536K, used 21285K [0x00000000c1600000, 0x0000000100000000)
  region size 1024K, 4 young (4096K), 4 survivors (4096K)
 Metaspace       used 34360K, committed 34624K, reserved 1081344K
  class space    used 3824K, committed 3968K, reserved 1048576K
}
Event: 11.166 GC heap before
{Heap before GC invocations=17 (full 0):
 garbage-first heap   total 65536K, used 31525K [0x00000000c1600000, 0x0000000100000000)
  region size 1024K, 15 young (15360K), 4 survivors (4096K)
 Metaspace       used 35316K, committed 35520K, reserved 1081344K
  class space    used 3935K, committed 4032K, reserved 1048576K
}
Event: 11.172 GC heap after
{Heap after GC invocations=18 (full 0):
 garbage-first heap   total 78848K, used 21862K [0x00000000c1600000, 0x0000000100000000)
  region size 1024K, 3 young (3072K), 3 survivors (3072K)
 Metaspace       used 35316K, committed 35520K, reserved 1081344K
  class space    used 3935K, committed 4032K, reserved 1048576K
}
Event: 11.729 GC heap before
{Heap before GC invocations=19 (full 0):
 garbage-first heap   total 78848K, used 65894K [0x00000000c1600000, 0x0000000100000000)
  region size 1024K, 46 young (47104K), 3 survivors (3072K)
 Metaspace       used 39229K, committed 39488K, reserved 1089536K
  class space    used 4376K, committed 4480K, reserved 1048576K
}
Event: 11.735 GC heap after
{Heap after GC invocations=20 (full 0):
 garbage-first heap   total 78848K, used 22486K [0x00000000c1600000, 0x0000000100000000)
  region size 1024K, 4 young (4096K), 4 survivors (4096K)
 Metaspace       used 39229K, committed 39488K, reserved 1089536K
  class space    used 4376K, committed 4480K, reserved 1048576K
}

Deoptimization events (20 events):
Event: 12.712 Thread 0x000001f1e83a4440 DEOPT PACKING pc=0x000001f1f076dc64 sp=0x000000bae3cfda70
Event: 12.712 Thread 0x000001f1e83a4440 DEOPT UNPACKING pc=0x000001f1efb5dece sp=0x000000bae3cfcfe8 mode 1
Event: 12.712 Thread 0x000001f1e83a4440 DEOPT PACKING pc=0x000001f1f076dd7c sp=0x000000bae3cfdba0
Event: 12.712 Thread 0x000001f1e83a4440 DEOPT UNPACKING pc=0x000001f1efb5dece sp=0x000000bae3cfd130 mode 1
Event: 12.712 Thread 0x000001f1e83a4440 DEOPT PACKING pc=0x000001f1f076def4 sp=0x000000bae3cfda70
Event: 12.712 Thread 0x000001f1e83a4440 DEOPT UNPACKING pc=0x000001f1efb5dece sp=0x000000bae3cfcfe8 mode 1
Event: 12.712 Thread 0x000001f1e83a4440 DEOPT PACKING pc=0x000001f1f076db4c sp=0x000000bae3cfdba0
Event: 12.712 Thread 0x000001f1e83a4440 DEOPT UNPACKING pc=0x000001f1efb5dece sp=0x000000bae3cfd130 mode 1
Event: 12.748 Thread 0x000001f1e83a4440 Uncommon trap: trap_request=0xffffffde fr.pc=0x000001f1f776738c relative=0x00000000000014ec
Event: 12.748 Thread 0x000001f1e83a4440 Uncommon trap: reason=class_check action=maybe_recompile pc=0x000001f1f776738c method=java.util.concurrent.ConcurrentHashMap.putVal(Ljava/lang/Object;Ljava/lang/Object;Z)Ljava/lang/Object; @ 159 c2
Event: 12.748 Thread 0x000001f1e83a4440 DEOPT PACKING pc=0x000001f1f776738c sp=0x000000bae3cfdcd0
Event: 12.748 Thread 0x000001f1e83a4440 DEOPT UNPACKING pc=0x000001f1efb5d72e sp=0x000000bae3cfdc80 mode 2
Event: 12.750 Thread 0x000001f1e83a4440 Uncommon trap: trap_request=0xffffff45 fr.pc=0x000001f1f7674464 relative=0x0000000000000344
Event: 12.750 Thread 0x000001f1e83a4440 Uncommon trap: reason=unstable_if action=reinterpret pc=0x000001f1f7674464 method=java.util.concurrent.ConcurrentHashMap.get(Ljava/lang/Object;)Ljava/lang/Object; @ 152 c2
Event: 12.750 Thread 0x000001f1e83a4440 DEOPT PACKING pc=0x000001f1f7674464 sp=0x000000bae3cfdd80
Event: 12.750 Thread 0x000001f1e83a4440 DEOPT UNPACKING pc=0x000001f1efb5d72e sp=0x000000bae3cfdd18 mode 2
Event: 12.750 Thread 0x000001f1e83a4440 Uncommon trap: trap_request=0xffffffde fr.pc=0x000001f1f776738c relative=0x00000000000014ec
Event: 12.750 Thread 0x000001f1e83a4440 Uncommon trap: reason=class_check action=maybe_recompile pc=0x000001f1f776738c method=java.util.concurrent.ConcurrentHashMap.putVal(Ljava/lang/Object;Ljava/lang/Object;Z)Ljava/lang/Object; @ 159 c2
Event: 12.750 Thread 0x000001f1e83a4440 DEOPT PACKING pc=0x000001f1f776738c sp=0x000000bae3cfdcd0
Event: 12.750 Thread 0x000001f1e83a4440 DEOPT UNPACKING pc=0x000001f1efb5d72e sp=0x000000bae3cfdc80 mode 2

Classes unloaded (0 events):
No events

Classes redefined (0 events):
No events

Internal exceptions (20 events):
Event: 12.347 Thread 0x000001f1e83a4440 Exception <a 'java/lang/NoSuchMethodError'{0x00000000c4ca2070}: 'java.lang.Object java.lang.invoke.DirectMethodHandle$Holder.invokeVirtual(java.lang.Object, java.lang.Object, java.lang.Object, java.lang.Object)'> (0x00000000c4ca2070) 
thrown [t:\workspace\open\src\hotspot\share\interpreter\linkResolver.cpp, line 790]
Event: 12.368 Thread 0x000001f1e83a4440 Exception <a 'java/lang/IncompatibleClassChangeError'{0x00000000c4b8a618}: Found class java.lang.Object, but interface was expected> (0x00000000c4b8a618) 
thrown [t:\workspace\open\src\hotspot\share\interpreter\linkResolver.cpp, line 857]
Event: 12.417 Thread 0x000001f1e83a4440 Exception <a 'java/lang/NoClassDefFoundError'{0x00000000c4948a60}: org/apache/log4j/Logger> (0x00000000c4948a60) 
thrown [t:\workspace\open\src\hotspot\share\oops\constantPool.cpp, line 809]
Event: 12.423 Thread 0x000001f1e83a4440 Exception <a 'java/lang/NoClassDefFoundError'{0x00000000c49626c0}: org/apache/log4j/Logger> (0x00000000c49626c0) 
thrown [t:\workspace\open\src\hotspot\share\oops\constantPool.cpp, line 809]
Event: 12.427 Thread 0x000001f1e83a4440 Exception <a 'java/lang/NoClassDefFoundError'{0x00000000c4975938}: org/apache/log4j/Logger> (0x00000000c4975938) 
thrown [t:\workspace\open\src\hotspot\share\oops\constantPool.cpp, line 809]
Event: 12.432 Thread 0x000001f1e83a4440 Exception <a 'java/lang/NoClassDefFoundError'{0x00000000c498db40}: org/apache/log4j/Logger> (0x00000000c498db40) 
thrown [t:\workspace\open\src\hotspot\share\oops\constantPool.cpp, line 809]
Event: 12.460 Thread 0x000001f1e83a4440 Exception <a 'java/lang/NoClassDefFoundError'{0x00000000c485a0c0}: org/apache/log4j/Logger> (0x00000000c485a0c0) 
thrown [t:\workspace\open\src\hotspot\share\oops\constantPool.cpp, line 809]
Event: 12.484 Thread 0x000001f1e83a4440 Exception <a 'java/lang/NoClassDefFoundError'{0x00000000c48ef1e0}: org/apache/log4j/Logger> (0x00000000c48ef1e0) 
thrown [t:\workspace\open\src\hotspot\share\oops\constantPool.cpp, line 809]
Event: 12.497 Thread 0x000001f1e83a4440 Exception <a 'java/lang/NoClassDefFoundError'{0x00000000c470de48}: org/apache/log4j/Logger> (0x00000000c470de48) 
thrown [t:\workspace\open\src\hotspot\share\oops\constantPool.cpp, line 809]
Event: 12.518 Thread 0x000001f1e83a4440 Exception <a 'java/lang/NoClassDefFoundError'{0x00000000c4770978}: org/apache/log4j/Logger> (0x00000000c4770978) 
thrown [t:\workspace\open\src\hotspot\share\oops\constantPool.cpp, line 809]
Event: 12.547 Thread 0x000001f1e83a4440 Exception <a 'java/lang/NoClassDefFoundError'{0x00000000c478c788}: org/apache/log4j/Logger> (0x00000000c478c788) 
thrown [t:\workspace\open\src\hotspot\share\oops\constantPool.cpp, line 809]
Event: 12.555 Thread 0x000001f1e83a4440 Exception <a 'java/lang/NoClassDefFoundError'{0x00000000c47ef258}: org/apache/log4j/Logger> (0x00000000c47ef258) 
thrown [t:\workspace\open\src\hotspot\share\oops\constantPool.cpp, line 809]
Event: 12.565 Thread 0x000001f1e83a4440 Exception <a 'java/lang/NoClassDefFoundError'{0x00000000c4609a20}: org/apache/log4j/Logger> (0x00000000c4609a20) 
thrown [t:\workspace\open\src\hotspot\share\oops\constantPool.cpp, line 809]
Event: 12.574 Thread 0x000001f1e83a4440 Exception <a 'java/lang/NoClassDefFoundError'{0x00000000c466c4f0}: org/apache/log4j/Logger> (0x00000000c466c4f0) 
thrown [t:\workspace\open\src\hotspot\share\oops\constantPool.cpp, line 809]
Event: 12.576 Thread 0x000001f1e83a4440 Exception <a 'java/lang/NoClassDefFoundError'{0x00000000c468a0f0}: org/apache/log4j/Logger> (0x00000000c468a0f0) 
thrown [t:\workspace\open\src\hotspot\share\oops\constantPool.cpp, line 809]
Event: 12.586 Thread 0x000001f1e83a4440 Exception <a 'java/lang/NoClassDefFoundError'{0x00000000c46ecbe0}: org/apache/log4j/Logger> (0x00000000c46ecbe0) 
thrown [t:\workspace\open\src\hotspot\share\oops\constantPool.cpp, line 809]
Event: 12.595 Thread 0x000001f1e83a4440 Exception <a 'java/lang/NoClassDefFoundError'{0x00000000c4506e88}: org/apache/log4j/Logger> (0x00000000c4506e88) 
thrown [t:\workspace\open\src\hotspot\share\oops\constantPool.cpp, line 809]
Event: 12.633 Thread 0x000001f1e83a4440 Exception <a 'java/lang/NoClassDefFoundError'{0x00000000c4569998}: org/apache/log4j/Logger> (0x00000000c4569998) 
thrown [t:\workspace\open\src\hotspot\share\oops\constantPool.cpp, line 809]
Event: 12.665 Thread 0x000001f1e83a4440 Exception <a 'java/lang/NoClassDefFoundError'{0x00000000c4587618}: org/apache/log4j/Logger> (0x00000000c4587618) 
thrown [t:\workspace\open\src\hotspot\share\oops\constantPool.cpp, line 809]
Event: 12.683 Thread 0x000001f1e83a4440 Exception <a 'java/lang/NoClassDefFoundError'{0x00000000c45ea188}: org/apache/log4j/Logger> (0x00000000c45ea188) 
thrown [t:\workspace\open\src\hotspot\share\oops\constantPool.cpp, line 809]

Events (20 events):
Event: 13.960 Executing  VM operation: get/set locals done
Event: 13.962 Executing  VM operation: get/set locals
Event: 13.962 Executing  VM operation: get/set locals done
Event: 13.963 Executing  VM operation: get/set locals
Event: 13.964 Executing  VM operation: get/set locals done
Event: 13.964 Executing  VM operation: get/set locals
Event: 13.964 Executing  VM operation: get/set locals done
Event: 13.965 Executing  VM operation: get/set locals
Event: 13.965 Executing  VM operation: get/set locals done
Event: 13.966 Executing  VM operation: get/set locals
Event: 13.966 Executing  VM operation: get/set locals done
Event: 13.969 Executing  VM operation: get/set locals
Event: 13.969 Executing  VM operation: get/set locals done
Event: 13.970 Executing  VM operation: get/set locals
Event: 13.970 Executing  VM operation: get/set locals done
Event: 13.972 Executing  VM operation: get/set locals
Event: 13.972 Executing  VM operation: get/set locals done
Event: 20.266 Thread 0x000001f1862339f0 Thread exited: 0x000001f1862339f0
Event: 21.195 loading class jdk/internal/vm/annotation/ForceInline
Event: 21.195 loading class jdk/internal/vm/annotation/ForceInline done


Dynamic libraries:
0x00007ff79d5e0000 - 0x00007ff79d5f0000 	C:\Program Files\Java\jdk-16.0.2\bin\javaw.exe
0x00007ffcd2c70000 - 0x00007ffcd2e65000 	C:\Windows\SYSTEM32\ntdll.dll
0x00007ffcd2ac0000 - 0x00007ffcd2b7e000 	C:\Windows\System32\KERNEL32.DLL
0x00007ffcd09e0000 - 0x00007ffcd0ca8000 	C:\Windows\System32\KERNELBASE.dll
0x00007ffcd0670000 - 0x00007ffcd0770000 	C:\Windows\System32\ucrtbase.dll
0x00007ffcca490000 - 0x00007ffcca4a8000 	C:\Program Files\Java\jdk-16.0.2\bin\jli.dll
0x00007ffcd0d60000 - 0x00007ffcd0e0e000 	C:\Windows\System32\ADVAPI32.dll
0x00007ffcd0eb0000 - 0x00007ffcd0f4e000 	C:\Windows\System32\msvcrt.dll
0x00007ffcd2b90000 - 0x00007ffcd2c2c000 	C:\Windows\System32\sechost.dll
0x00007ffcd1a00000 - 0x00007ffcd1b25000 	C:\Windows\System32\RPCRT4.dll
0x00007ffcd1100000 - 0x00007ffcd12a1000 	C:\Windows\System32\USER32.dll
0x00007ffcd0640000 - 0x00007ffcd0662000 	C:\Windows\System32\win32u.dll
0x00007ffcd2950000 - 0x00007ffcd297b000 	C:\Windows\System32\GDI32.dll
0x00007ffcd03d0000 - 0x00007ffcd04dd000 	C:\Windows\System32\gdi32full.dll
0x00007ffcd0770000 - 0x00007ffcd080d000 	C:\Windows\System32\msvcp_win.dll
0x00007ffcbbe00000 - 0x00007ffcbc09a000 	C:\Windows\WinSxS\amd64_microsoft.windows.common-controls_6595b64144ccf1df_6.0.19041.1110_none_60b5254171f9507e\COMCTL32.dll
0x00007ffcc2b40000 - 0x00007ffcc2b4a000 	C:\Windows\SYSTEM32\VERSION.dll
0x00007ffcc9c90000 - 0x00007ffcc9ca9000 	C:\Program Files\Java\jdk-16.0.2\bin\VCRUNTIME140.dll
0x00007ffcd0fb0000 - 0x00007ffcd0fe0000 	C:\Windows\System32\IMM32.DLL
0x00007ffcc9f50000 - 0x00007ffcc9f5c000 	C:\Program Files\Java\jdk-16.0.2\bin\vcruntime140_1.dll
0x00007ffcb76a0000 - 0x00007ffcb7731000 	C:\Program Files\Java\jdk-16.0.2\bin\msvcp140.dll
0x00007ffc6c1b0000 - 0x00007ffc6cd5b000 	C:\Program Files\Java\jdk-16.0.2\bin\server\jvm.dll
0x00007ffcd2b80000 - 0x00007ffcd2b88000 	C:\Windows\System32\PSAPI.DLL
0x00007ffcb44d0000 - 0x00007ffcb44f7000 	C:\Windows\SYSTEM32\WINMM.dll
0x00007ffca9430000 - 0x00007ffca9439000 	C:\Windows\SYSTEM32\WSOCK32.dll
0x00007ffcd1ee0000 - 0x00007ffcd1f4b000 	C:\Windows\System32\WS2_32.dll
0x00007ffccec00000 - 0x00007ffccec12000 	C:\Windows\SYSTEM32\kernel.appcore.dll
0x00007ffcc9c80000 - 0x00007ffcc9c8a000 	C:\Program Files\Java\jdk-16.0.2\bin\jimage.dll
0x00007ffcc67a0000 - 0x00007ffcc6984000 	C:\Windows\SYSTEM32\DBGHELP.DLL
0x00007ffcc6770000 - 0x00007ffcc679c000 	C:\Windows\SYSTEM32\dbgcore.DLL
0x00007ffcd0920000 - 0x00007ffcd09a2000 	C:\Windows\System32\bcryptPrimitives.dll
0x00007ffcc9c40000 - 0x00007ffcc9c7b000 	C:\Program Files\Java\jdk-16.0.2\bin\jdwp.dll
0x00007ffcc80e0000 - 0x00007ffcc80ee000 	C:\Program Files\Java\jdk-16.0.2\bin\instrument.dll
0x00007ffcbbdd0000 - 0x00007ffcbbdf5000 	C:\Program Files\Java\jdk-16.0.2\bin\java.dll
0x00007ffcd12b0000 - 0x00007ffcd19f4000 	C:\Windows\System32\SHELL32.dll
0x00007ffcce330000 - 0x00007ffcceac5000 	C:\Windows\SYSTEM32\windows.storage.dll
0x00007ffcd24c0000 - 0x00007ffcd2815000 	C:\Windows\System32\combase.dll
0x00007ffccfd00000 - 0x00007ffccfd2e000 	C:\Windows\SYSTEM32\Wldp.dll
0x00007ffcd28a0000 - 0x00007ffcd294d000 	C:\Windows\System32\SHCORE.dll
0x00007ffcd0f50000 - 0x00007ffcd0fa5000 	C:\Windows\System32\shlwapi.dll
0x00007ffcd02c0000 - 0x00007ffcd02df000 	C:\Windows\SYSTEM32\profapi.dll
0x00007ffcc2f80000 - 0x00007ffcc2f8c000 	C:\Program Files\Java\jdk-16.0.2\bin\dt_socket.dll
0x00007ffccf750000 - 0x00007ffccf78b000 	C:\Windows\SYSTEM32\IPHLPAPI.DLL
0x00007ffccfa60000 - 0x00007ffccfaca000 	C:\Windows\system32\mswsock.dll
0x00007ffccf790000 - 0x00007ffccf85b000 	C:\Windows\SYSTEM32\DNSAPI.dll
0x00007ffcd2430000 - 0x00007ffcd2438000 	C:\Windows\System32\NSI.dll
0x00007ffcc9620000 - 0x00007ffcc962a000 	C:\Windows\System32\rasadhlp.dll
0x00007ffcc2590000 - 0x00007ffcc260f000 	C:\Windows\System32\fwpuclnt.dll
0x00007ffcd09b0000 - 0x00007ffcd09d7000 	C:\Windows\System32\bcrypt.dll
0x00007ffcbbdb0000 - 0x00007ffcbbdc8000 	C:\Program Files\Java\jdk-16.0.2\bin\zip.dll
0x00007ffcbbd90000 - 0x00007ffcbbda9000 	C:\Program Files\Java\jdk-16.0.2\bin\net.dll
0x00007ffcc2870000 - 0x00007ffcc297c000 	C:\Windows\SYSTEM32\WINHTTP.dll
0x00007ffcbbce0000 - 0x00007ffcbbcf3000 	C:\Program Files\Java\jdk-16.0.2\bin\nio.dll
0x00007ffcc2f70000 - 0x00007ffcc2f80000 	C:\Program Files\Java\jdk-16.0.2\bin\verify.dll
0x00007ffcc5a90000 - 0x00007ffcc5aa7000 	C:\Windows\SYSTEM32\dhcpcsvc6.DLL
0x00007ffcc8050000 - 0x00007ffcc806d000 	C:\Windows\SYSTEM32\dhcpcsvc.DLL
0x00007ffcc2340000 - 0x00007ffcc2349000 	C:\Program Files\Java\jdk-16.0.2\bin\management.dll
0x00007ffcbed10000 - 0x00007ffcbed1b000 	C:\Program Files\Java\jdk-16.0.2\bin\management_ext.dll
0x00007ffcb98b0000 - 0x00007ffcb98c7000 	C:\Windows\system32\napinsp.dll
0x00007ffcb9890000 - 0x00007ffcb98ab000 	C:\Windows\system32\pnrpnsp.dll
0x00007ffccb670000 - 0x00007ffccb685000 	C:\Windows\system32\wshbth.dll
0x00007ffcc9b60000 - 0x00007ffcc9b7d000 	C:\Windows\system32\NLAapi.dll
0x00007ffcb9870000 - 0x00007ffcb9882000 	C:\Windows\System32\winrnr.dll
0x00007ffcbbd20000 - 0x00007ffcbbd29000 	C:\Program Files\Java\jdk-16.0.2\bin\attach.dll

dbghelp: loaded successfully - version: 4.0.5 - missing functions: none
symbol engine: initialized successfully - sym options: 0x614 - pdb path: .;C:\Program Files\Java\jdk-16.0.2\bin;C:\Windows\SYSTEM32;C:\Windows\WinSxS\amd64_microsoft.windows.common-controls_6595b64144ccf1df_6.0.19041.1110_none_60b5254171f9507e;C:\Program Files\Java\jdk-16.0.2\bin\server

VM Arguments:
jvm_args: -XX:+ShowCodeDetailsInExceptionMessages -agentlib:jdwp=transport=dt_socket,suspend=y,address=localhost:51540 -ea -javaagent:C:\Users\diletta\Desktop\eclipse-jee-2021-09-R-win32-x86_64\eclipse\configuration\org.eclipse.osgi\415\0\.cp\lib\javaagent-shaded.jar -Dfile.encoding=Cp1252 
java_command: org.eclipse.jdt.internal.junit.runner.RemoteTestRunner -version 3 -port 51539 -testLoaderClass org.eclipse.jdt.internal.junit4.runner.JUnit4TestLoader -loaderpluginname org.eclipse.jdt.junit4.runtime -classNames managersTest.LoginManagerTest
java_class_path (initial): C:\Users\diletta\Desktop\progetto\DreamEJB\build\classes;C:\Users\diletta\Downloads\eclipselink-2.7.9.v20210604-2c549e2208\eclipselink\jlib\eclipselink.jar;C:\Users\diletta\Downloads\eclipselink-2.7.9.v20210604-2c549e2208\eclipselink\jlib\jpa\jakarta.persistence.source_2.2.3.jar;C:\Users\diletta\Downloads\eclipselink-2.7.9.v20210604-2c549e2208\eclipselink\jlib\jpa\jakarta.persistence_2.2.3.jar;C:\Users\diletta\Downloads\eclipselink-2.7.9.v20210604-2c549e2208\eclipselink\jlib\jpa\org.eclipse.persistence.jpa.modelgen.source_2.7.9.v20210604-2c549e2208.jar;C:\Users\diletta\Downloads\eclipselink-2.7.9.v20210604-2c549e2208\eclipselink\jlib\jpa\org.eclipse.persistence.jpa.modelgen_2.7.9.v20210604-2c549e2208.jar;C:\Users\diletta\Downloads\eclipselink-2.7.9.v20210604-2c549e2208\eclipselink\jlib\jpa\org.eclipse.persistence.jpars.source_2.7.9.v20210604-2c549e2208.jar;C:\Users\diletta\Downloads\eclipselink-2.7.9.v20210604-2c549e2208\eclipselink\jlib\jpa\org.eclipse.persistence.jpars_2.7.9.v20210604-2c549e2208.jar;C:\apache-tomee-plume-8.0.8\lib\activemq-broker-5.16.1.jar;C:\apache-tomee-plume-8.0.8\lib\activemq-client-5.16.1.jar;C:\apache-tomee-plume-8.0.8\lib\activemq-jdbc-store-5.16.1.jar;C:\apache-tomee-plume-8.0.8\lib\activemq-kahadb-store-5.16.1.jar;C:\apache-tomee-plume-8.0.8\lib\activemq-openwire-legacy-5.16.1.jar;C:\apache-tomee-plume-8.0.8\lib\activemq-protobuf-1.1.jar;C:\apache-tomee-plume-8.0.8\lib\activemq-ra-5.16.1.jar;C:\apache-tomee-plume-8.0.8\lib\bcprov-jdk15on-1.69.jar;C:\apache-tomee-plume-8.0.8\lib\bval-jsr-2.0.5.jar;C:\apache-tomee-plume-8.0.8\lib\catalina-ant.jar;C:\apache-tomee-plume-8.0.8\lib\catalina-ha.jar;C:\apache-tomee-plume-8.0.8\lib\catalina-ssi.jar;C:\apache-tomee-plume-8.0.8\lib\catalina-storeconfig.jar;C:\apache-tomee-plume-8.0.8\lib\catalina-tribes.jar;C:\apache-tomee-plume-8.0.8\lib\catalina.jar;C:\apache-tomee-plume-8.0.8\lib\commonj.sdo-2.1.1.jar;C:\apache-tomee-plume-8.0.8\lib\commons-beanutils-1.9.4.jar;C:\apa
Launcher Type: SUN_STANDARD

[Global flags]
     intx CICompilerCount                          = 3                                         {product} {ergonomic}
     uint ConcGCThreads                            = 1                                         {product} {ergonomic}
     uint G1ConcRefinementThreads                  = 4                                         {product} {ergonomic}
   size_t G1HeapRegionSize                         = 1048576                                   {product} {ergonomic}
    uintx GCDrainStackTargetSize                   = 64                                        {product} {ergonomic}
   size_t InitialHeapSize                          = 67108864                                  {product} {ergonomic}
   size_t MarkStackSize                            = 4194304                                   {product} {ergonomic}
   size_t MaxHeapSize                              = 1050673152                                {product} {ergonomic}
   size_t MaxNewSize                               = 630194176                                 {product} {ergonomic}
   size_t MinHeapDeltaBytes                        = 1048576                                   {product} {ergonomic}
   size_t MinHeapSize                              = 8388608                                   {product} {ergonomic}
    uintx NonNMethodCodeHeapSize                   = 5832780                                {pd product} {ergonomic}
    uintx NonProfiledCodeHeapSize                  = 122912730                              {pd product} {ergonomic}
    uintx ProfiledCodeHeapSize                     = 122912730                              {pd product} {ergonomic}
    uintx ReservedCodeCacheSize                    = 251658240                              {pd product} {ergonomic}
     bool SegmentedCodeCache                       = true                                      {product} {ergonomic}
     bool ShowCodeDetailsInExceptionMessages       = true                                   {manageable} {command line}
   size_t SoftMaxHeapSize                          = 1050673152                             {manageable} {ergonomic}
     bool UseCompressedClassPointers               = true                           {product lp64_product} {ergonomic}
     bool UseCompressedOops                        = true                           {product lp64_product} {ergonomic}
     bool UseG1GC                                  = true                                      {product} {ergonomic}
     bool UseLargePagesIndividualAllocation        = false                                  {pd product} {ergonomic}

Logging:
Log output configuration:
 #0: stdout all=warning uptime,level,tags
 #1: stderr all=off uptime,level,tags

Environment Variables:
JAVA_HOME=C:\Program Files\Java\jdk-16.0.2
CLASSPATH=.;C:\Program Files\Java\jdk-16.0.2\lib;C:\Program Files\Java\jdk-16.0.2\jre\lib;
PATH=C:/Users/diletta/Desktop/eclipse-jee-2021-09-R-win32-x86_64/eclipse//plugins/org.eclipse.justj.openjdk.hotspot.jre.full.win32.x86_64_16.0.2.v20210721-1149/jre/bin/server;C:/Users/diletta/Desktop/eclipse-jee-2021-09-R-win32-x86_64/eclipse//plugins/org.eclipse.justj.openjdk.hotspot.jre.full.win32.x86_64_16.0.2.v20210721-1149/jre/bin;C:\Program Files\Common Files\Oracle\Java\javapath;C:\Program Files (x86)\Intel\iCLS Client\;C:\Program Files\Intel\iCLS Client\;C:\Windows\system32;C:\Windows;C:\Windows\System32\Wbem;C:\Windows\System32\WindowsPowerShell\v1.0\;C:\Windows\System32\OpenSSH\;C:\Program Files\Git\cmd;C:\Program Files\MySQL\MySQL Shell 8.0\bin\;C:\Users\diletta\AppData\Local\Microsoft\WindowsApps;C:\Program Files\JetBrains\IntelliJ IDEA Community Edition 2020.3.2\bin;;C:\Program Files\Java\jdk-16.0.2\bin;;C:\Users\diletta\Desktop\eclipse-jee-2021-09-R-win32-x86_64\eclipse;
USERNAME=diletta
OS=Windows_NT
PROCESSOR_IDENTIFIER=Intel64 Family 6 Model 69 Stepping 1, GenuineIntel



---------------  S Y S T E M  ---------------

OS:
 Windows 10 , 64 bit Build 19041 (10.0.19041.1466)
OS uptime: 0 days 3:18 hours

CPU: total 4 (initial active 4) (2 cores per cpu, 2 threads per core) family 6 model 69 stepping 1 microcode 0x26, cx8, cmov, fxsr, ht, mmx, sse, sse2, sse3, ssse3, sse4.1, sse4.2, popcnt, lzcnt, tsc, tscinvbit, avx, avx2, aes, erms, clmul, bmi1, bmi2, fma, vzeroupper, clflush

Memory: 4k page, system-wide physical 4004M (563M free)
TotalPageFile size 8356M (AvailPageFile size 1974M)
current process WorkingSet (physical memory assigned to process): 195M, peak: 274M
current process commit charge ("private bytes"): 233M, peak: 313M

vm_info: Java HotSpot(TM) 64-Bit Server VM (16.0.2+7-67) for windows-amd64 JRE (16.0.2+7-67), built on Jun  8 2021 23:24:19 by "mach5one" with MS VC++ 16.7 (VS2019)

END.
